[WARNING]	Could not scrape	Cleveland Gear	(https://www.clevelandgear.com/careers/)	due to listing_xpath being NA
[WARNING]	Unfamiliar pattern for:	AmbaFlex	(https://careers.ambaflex.com/careers)	Perhaps there are typos in xpaths.csv?
[WARNING]	Exited prematurely on page 1 of:	EJ Group	(https://recruiting.adp.com/srccar/public/RTI.home?c=1140441&d=External	).	This probably means the	SLEEP variable was set too low.	<class 'selenium.common.exceptions.ElementClickInterceptedException'>
[MESSAGE]	Scraped 2 pages of:	Airgas - Cleveland	(https://airliquidehr.wd3.myworkdayjobs.com/AirgasExternalCareer?Careers-link=true&locationRegionStateProvince=41493c81d9214eb190fd14067c7d974d).	<class 'selenium.common.exceptions.NoSuchElementException'>
[MESSAGE]	Scraped 1 pages of:	Alco Manufacturing	(https://recruitingbypaycor.com/career/CareerHome.action?clientId=8a7882675721d0e30157493f1d6d0bf1).	<class 'selenium.common.exceptions.InvalidArgumentException'>
[WARNING]	Could not scrape	Alco Manufacturing	(https://recruitingbypaycor.com/career/CareerHome.action?clientId=8a7882675721d0e30157493f1d6d0bf1)	due to listing_xpath being NA
[MESSAGE]	Scraped 1 pages of:	ALL Aerials	(https://recruiting.ultipro.com/ALL1029AECR/JobBoard/c5f83fdd-506a-98af-7d40-8402b8c2a771/?q=&o=postedDateDesc).	<class 'selenium.common.exceptions.ElementNotInteractableException'>
[MESSAGE]	Scraped 1 pages of:	Alloy Engineering	(https://recruiting.paylocity.com/recruiting/jobs/All/3c61678b-fb6f-4c03-82b9-b63775fa8bc3/Alloy-Engineering-Co	).	<class 'selenium.common.exceptions.InvalidArgumentException'>
[WARNING]	Unfamiliar pattern for:	Alloy Precision Technologies	(https://secure.entertimeonline.com/ta/CBIZ20333.careers?CareersSearch)	Perhaps there are typos in xpaths.csv?
[WARNING]	Unfamiliar pattern for:	Altronic	(https://altronic.isolvedhire.com/jobs/)	Perhaps there are typos in xpaths.csv?
[MESSAGE]	Scraped 1 pages of:	Andersen Material Handling	(https://workforcenow.adp.com/mascsr/default/mdf/recruitment/recruitment.html?cid=6fb278e8-9782-4273-91b0-f254e98f5c81&ccId=19000101_000001&type=JS&lang=en_US	).	<class 'selenium.common.exceptions.NoSuchElementException'>
[WARNING]	Unfamiliar pattern for:	Applied Industrial Technologies - CLE	(https://jobs.applied.com/?_gl=1*6oro14*_ga*MTUxNTUyODU0My4xNjg5ODg2MTY0*_ga_ZT5EWHFHHL*MTY5MTYwOTM5Ni4zLjAuMTY5MTYwOTQwMy41My4wLjA.)	Perhaps there are typos in xpaths.csv?
[WARNING]	Unfamiliar pattern for:	Applied Maintenance Supplies & Solutions	(https://appliedmss.com/careers/)	Perhaps there are typos in xpaths.csv?
[WARNING]	Unfamiliar pattern for:	Arconic - Cleveland	(https://hdnn.fa.us6.oraclecloud.com/hcmUI/CandidateExperience/en/sites/CX/requisitions?)	Perhaps there are typos in xpaths.csv?
[MESSAGE]	Scraped 1 pages of:	ASG Jergens	(https://recruiting.paylocity.com/recruiting/jobs/All/7c3b3a6c-997d-4adf-a5dd-98f04209edb5/Jergens-Inc	).	<class 'selenium.common.exceptions.InvalidArgumentException'>
[MESSAGE]	Scraped 1 pages of:	B-TEK Scales	(https://recruiting.paylocity.com/recruiting/jobs/All/c97b3245-7fe0-4e0e-b6b7-211d40d7a8a8/Brechbuhler-Scales-Inc	).	<class 'selenium.common.exceptions.InvalidArgumentException'>
[MESSAGE]	Scraped 4 pages of:	Barry-Wehmiller - Cleveland	(https://barrywehmiller.wd1.myworkdayjobs.com/BWCareers?q=corporate).	<class 'selenium.common.exceptions.NoSuchElementException'>
[MESSAGE]	Scraped 1 pages of:	Bettcher Industries	(https://recruiting.ultipro.com/BET1004BETIN/JobBoard/8adef0ca-1e18-4acc-9274-130547589e57/?q=&o=postedDateDesc).	<class 'selenium.common.exceptions.ElementNotInteractableException'>
[WARNING]	Unfamiliar pattern for:	Bollor	(https://bollore-transport-logistics-recrute.talent-soft.com/homepage.aspx?LCID=1033)	Perhaps there are typos in xpaths.csv?
[MESSAGE]	Scraped 14 pages of:	Canton Elevator	(https://nidec.wd1.myworkdayjobs.com/en-US/Nidec).	<class 'selenium.common.exceptions.NoSuchElementException'>
[WARNING]	Unfamiliar pattern for:	Castolin Eutectic	(https://castolin.recruitee.com/)	Perhaps there are typos in xpaths.csv?
[MESSAGE]	Scraped 1 pages of:	CC-EFI	(https://www.cc-efi.com/company-info/career-options/).	<class 'selenium.common.exceptions.InvalidArgumentException'>
[MESSAGE]	Scraped 1 pages of:	Clampco Products	(https://workforcenow.adp.com/mascsr/default/mdf/recruitment/recruitment.html?cid=c5c2628b-0805-4cf9-934d-cf3860beebb0&ccId=19000101_000001&lang=en_US	).	<class 'selenium.common.exceptions.NoSuchElementException'>
[MESSAGE]	Scraped 1 pages of:	Cleveland-Cliffs (was AK Steel Corporation)	(https://careers.clevelandcliffs.com/job-search-results/).	<class 'selenium.common.exceptions.NoSuchElementException'>
[MESSAGE]	Scraped 1 pages of:	CLIMAX Manufacturing	(https://workforcenow.adp.com/mascsr/default/mdf/recruitment/recruitment.html?cid=a4823ed0-8730-41d5-91b7-d96370881b25&ccId=19000101_000001&type=MP&lang=en_US	).	<class 'selenium.common.exceptions.NoSuchElementException'>
[MESSAGE]	Scraped 1 pages of:	Cometic Gasket	(https://www.cometic.com/employment).	<class 'selenium.common.exceptions.InvalidArgumentException'>
[MESSAGE]	Scraped 1 pages of:	Compass Systems and Sales	(https://recruitingbypaycor.com/career/CareerHome.action?clientId=8a788267568c830a01569555e58303ff).	<class 'selenium.common.exceptions.InvalidArgumentException'>
[WARNING]	Could not scrape	Compass Systems and Sales	(https://recruitingbypaycor.com/career/CareerHome.action?clientId=8a788267568c830a01569555e58303ff)	due to listing_xpath being NA
[WARNING]	Unfamiliar pattern for:	Component Repair Technologies	(https://jobs.lever.co/componentrepairtechnologies/)	Perhaps there are typos in xpaths.csv?
[WARNING]	Unfamiliar pattern for:	Coventya	(https://careers.elementsolutionsinc.com/go/MacDermid-Enthone-Industrial-Solutions/8851100/)	Perhaps there are typos in xpaths.csv?
[WARNING]	Unfamiliar pattern for:	Covert Manufacturing	(https://www.covertmfg.com/careers)	Perhaps there are typos in xpaths.csv?
[WARNING]	Unfamiliar pattern for:	Crane Pumps & Systems	(https://phf.tbe.taleo.net/phf01/ats/careers/v2/jobSearch?act=redirectCwsV2&cws=57&org=CRANEAE)	Perhaps there are typos in xpaths.csv?
[WARNING]	Unfamiliar pattern for:	Cutting Dynamics	(https://boards.greenhouse.io/rebuildmanufacturing)	Perhaps there are typos in xpaths.csv?
[MESSAGE]	Scraped 9 pages of:	Cyient	(https://cyient.wd3.myworkdayjobs.com/careers).	<class 'selenium.common.exceptions.NoSuchElementException'>
[MESSAGE]	Scraped 1 pages of:	Dearing Compressor & Pump	(https://dearingcompressor.applytojob.com).	<class 'selenium.common.exceptions.InvalidArgumentException'>
[MESSAGE]	Scraped 1 pages of:	Delta ModTech - CLE	(https://workforcenow.adp.com/mascsr/default/mdf/recruitment/recruitment.html?cid=8a2ea939-ef73-49a7-afa8-07dae411b0f8&ccId=9151309879676_1156&type=MP&lang=en_US	).	<class 'selenium.common.exceptions.NoSuchElementException'>
[MESSAGE]	Scraped 1 pages of:	DSTI: Dynamic Sealing Technologies - CLE	(https://dsti.applicantpro.com/jobs/).	<class 'selenium.common.exceptions.InvalidArgumentException'>
[WARNING]	Unfamiliar pattern for:	DuPont - Cleveland	(https://careers.dupont.com/us/en)	Perhaps there are typos in xpaths.csv?
[MESSAGE]	Scraped 1 pages of:	East End Welding	(https://workforcenow.adp.com/mascsr/default/mdf/recruitment/recruitment.html?cid=19de40c0-64b0-4c4f-904d-3328549b48f9&ccId=19000101_000001&lang=en_US	).	<class 'selenium.common.exceptions.NoSuchElementException'>
[WARNING]	Exited prematurely on page 1 of:	Eaton - Cleveland	(https://eaton.eightfold.ai/careers?location=St%20Louis%2C%20Missouri%2C%20US&pid=687213713226&domain=eaton.com&sort_by=relevance).	This probably means the	SLEEP variable was set too low.	<class 'selenium.common.exceptions.ElementClickInterceptedException'>
[WARNING]	Unfamiliar pattern for:	Emerson Corporation - Cleveland	(https://hdjq.fa.us2.oraclecloud.com/hcmUI/CandidateExperience/en/sites/CX_1/requisitions)	Perhaps there are typos in xpaths.csv?
[WARNING]	Unfamiliar pattern for:	Enprotech Industrial Technologies	(https://www.enprotech.com/careers/#current-openings)	Perhaps there are typos in xpaths.csv?
[MESSAGE]	Scraped 2 pages of:	ERIKS North America - CLE	(https://hrsystem.wd1.myworkdayjobs.com/Careers).	<class 'selenium.common.exceptions.NoSuchElementException'>
[WARNING]	Unfamiliar pattern for:	EthosEnergy - CLE	(https://careers.ethosenergy.com/careers)	Perhaps there are typos in xpaths.csv?
[MESSAGE]	Scraped 1 pages of:	Euclid Heat Treating Co.	(https://workforcenow.adp.com/mascsr/default/mdf/recruitment/recruitment.html?cid=2a7342ec-34aa-4ce5-b51d-05819b051f56&ccId=19000101_000001&lang=en_US	).	<class 'selenium.common.exceptions.NoSuchElementException'>
[MESSAGE]	Scraped 1 pages of:	Fenner Dunlop Americas	(https://recruiting.ultipro.com/FEN1002FADL/JobBoard/d9e29285-a8af-474d-b725-9194f533cd42/?q=&o=postedDateDesc&w=&wc=&we=&wpst=).	<class 'selenium.common.exceptions.ElementNotInteractableException'>
[MESSAGE]	Scraped 1 pages of:	Ferrous Processing & Trading	(https://careers.clevelandcliffs.com/job-search-results/?keyword=FPT).	<class 'selenium.common.exceptions.NoSuchElementException'>
[WARNING]	Unfamiliar pattern for:	Flambeau	(https://secure4.saashr.com/ta/6027311.careers?CareersSearch)	Perhaps there are typos in xpaths.csv?
[MESSAGE]	Scraped 2 pages of:	Fontaine Modification	(https://marmon.wd5.myworkdayjobs.com/Marmon_Careers?q=fontaine+modification).	<class 'selenium.common.exceptions.NoSuchElementException'>
[MESSAGE]	Scraped 1 pages of:	Fusion Incorporated	(https://workforcenow.adp.com/mascsr/default/mdf/recruitment/recruitment.html?cid=57c79741-68c0-43e1-becf-62c79933bf4c&ccId=19000101_000001&source=CC2&lang=en_US&selectedMenuKey=CareerCenter	).	<class 'selenium.common.exceptions.NoSuchElementException'>
[MESSAGE]	Scraped 1 pages of:	Geartec, Inc.	(https://workforcenow.adp.com/mascsr/default/mdf/recruitment/recruitment.html?cid=887f5b52-abcd-4731-9ee0-ced532545e98&ccId=9200102156386_2&lang=en_US	).	<class 'selenium.common.exceptions.NoSuchElementException'>
[MESSAGE]	Scraped 1 pages of:	GED Integrated Solutions	(https://recruiting.paylocity.com/Recruiting/Jobs/All/da2560e9-fb4e-44a7-90ad-aa1b52e86e65/GED-Integrated-Solutions-Inc	).	<class 'selenium.common.exceptions.InvalidArgumentException'>
[WARNING]	Exited prematurely on page 1 of:	Gibson Machinery	(https://us241.dayforcehcm.com/CandidatePortal/en-US/altg/).	This probably means the	SLEEP variable was set too low.	<class 'selenium.common.exceptions.ElementClickInterceptedException'>
[MESSAGE]	Scraped 1 pages of:	Girard Machine	(https://workforcenow.adp.com/mascsr/default/mdf/recruitment/recruitment.html?cid=36c4afe8-91ab-4345-a4bf-5dfcafa802e7&ccId=19000101_000001&lang=en_US	).	<class 'selenium.common.exceptions.NoSuchElementException'>
[MESSAGE]	Scraped 1 pages of:	Great Lakes Industrial Knife	(https://recruitingbypaycor.com/career/CareerHome.action?clientId=8a7883c6800617450180281248fd0c47).	<class 'selenium.common.exceptions.InvalidArgumentException'>
[WARNING]	Could not scrape	Great Lakes Industrial Knife	(https://recruitingbypaycor.com/career/CareerHome.action?clientId=8a7883c6800617450180281248fd0c47)	due to listing_xpath being NA
[MESSAGE]	Scraped 1 pages of:	Greenbridge	(https://recruiting.paylocity.com/recruiting/jobs/All/f637bfc2-436f-4790-b743-fc33a391c970/Polychem-Corporation?location=All%20Locations&department=All%20Departments	).	<class 'selenium.common.exceptions.InvalidArgumentException'>
[MESSAGE]	Scraped 1 pages of:	Haas Automation	(https://www.paycomonline.net/v4/ats/web.php/jobs?clientkey=D30AA53E68D47C00010BA94FEF731F65.html).	<class 'selenium.common.exceptions.NoSuchElementException'>
[MESSAGE]	Scraped 14 pages of:	HD Supply - Cleveland	(https://hdsupply.wd1.myworkdayjobs.com/External/).	<class 'selenium.common.exceptions.NoSuchElementException'>
[MESSAGE]	Scraped 1 pages of:	HGR INDUSTRIAL SURPLUS	(https://recruiting.paylocity.com/recruiting/jobs/All/6ef62fc5-1798-4490-b0a3-e58917157b1d/HGR-Industrial-Surplus	).	<class 'selenium.common.exceptions.InvalidArgumentException'>
[WARNING]	Exited prematurely on page 1 of:	Hodell-Natco Industries	(https://www.paycomonline.net/v4/ats/web.php/jobs?clientkey=54B231C0B04B17C60FAB4B4CB74A0BD3).	This probably means the	SLEEP variable was set too low.	<class 'selenium.common.exceptions.ElementClickInterceptedException'>
[WARNING]	Could not scrape	Horizons Incorporated	(https://horizons-inc.com/jobs)	due to listing_xpath being NA
[MESSAGE]	Scraped 1 pages of:	Horsburgh & Scott	(https://recruitingbypaycor.com/career/CareerHome.action?clientId=8a7883d08e6803ea018e808cdfe8050e).	<class 'selenium.common.exceptions.InvalidArgumentException'>
[WARNING]	Could not scrape	Horsburgh & Scott	(https://recruitingbypaycor.com/career/CareerHome.action?clientId=8a7883d08e6803ea018e808cdfe8050e)	due to listing_xpath being NA
[WARNING]	Unfamiliar pattern for:	Hose Master	(https://www.irecruit-us.com/index.php?OrgID=I20220501&R=Y)	Perhaps there are typos in xpaths.csv?
[WARNING]	Exited prematurely on page 1 of:	Hunt Valve	(https://us241.dayforcehcm.com/CandidatePortal/en-US/fairbanksmorse).	This probably means the	SLEEP variable was set too low.	<class 'selenium.common.exceptions.ElementClickInterceptedException'>
[MESSAGE]	Scraped 1 pages of:	Hyson	(https://recruiting.ultipro.com/BAR1005BGI/JobBoard/ff46b34e-c0ce-4e3c-adbb-8bf890b80d89/?q=&o=postedDateDesc&w=&wc=&we=&wpst=&f4=h6J4AB7mIVWWaQyAGIHMMA+jB1ipNSKHFOxtMlS30gN1Q).	<class 'selenium.common.exceptions.ElementNotInteractableException'>
[MESSAGE]	Scraped 4 pages of:	Hyster-Yale Materials Handling	(https://hysteryale.wd1.myworkdayjobs.com/Hyster-YaleCareers).	<class 'selenium.common.exceptions.NoSuchElementException'>
[MESSAGE]	Scraped 4 pages of:	IMCD	(https://imcdgroup.csod.com/ux/ats/careersite/6/home?c=imcdgroup).	<class 'selenium.common.exceptions.NoSuchElementException'>
[MESSAGE]	Scraped 1 pages of:	IMCD	(https://imcdgroup.csod.com/ux/ats/careersite/6/home?c=imcdgroup).	<class 'selenium.common.exceptions.NoSuchElementException'>
[MESSAGE]	Scraped 1 pages of:	Industrial Profile Systems Inc.	(https://workforcenow.adp.com/mascsr/default/mdf/recruitment/recruitment.html?cid=c5d9ca73-0f24-4399-bc68-4de2355571b8&ccId=9200077950534_2&lang=en_US	).	<class 'selenium.common.exceptions.NoSuchElementException'>
[MESSAGE]	Scraped 1 pages of:	Integrity Energy	(https://workforcenow.adp.com/mascsr/default/mdf/recruitment/recruitment.html?cid=fd8d1ad7-1488-43b0-92ec-4c93d226b39c&ccId=19000101_000001&type=JS&lang=en_US&selectedMenuKey=CurrentOpenings	).	<class 'selenium.common.exceptions.NoSuchElementException'>
[WARNING]	Could not scrape	JBC Technologies	(https://www.jbc-tech.com/careers/)	due to listing_xpath being NA
[MESSAGE]	Scraped 1 pages of:	Jergens	(https://recruiting.paylocity.com/recruiting/jobs/All/7c3b3a6c-997d-4adf-a5dd-98f04209edb5/Jergens-Inc	).	<class 'selenium.common.exceptions.InvalidArgumentException'>
[MESSAGE]	Scraped 9 pages of:	JLG Industries	(https://oshkoshcorporation.wd5.myworkdayjobs.com/Oshkosh?q=JLG).	<class 'selenium.common.exceptions.NoSuchElementException'>
[MESSAGE]	Scraped 1 pages of:	JM JENNMAR	(https://workforcenow.adp.com/mascsr/default/mdf/recruitment/recruitment.html?cid=f7a73319-4c4e-43f3-9c47-1eeabefff22d&ccId=19000101_000001&type=JS&lang=en_US&selectedMenuKey=CareerCenter	).	<class 'selenium.common.exceptions.NoSuchElementException'>
[WARNING]	Unfamiliar pattern for:	John Deere - Cleveland	(https://john-deere.stratasjobs.com/?rr_p=192)	Perhaps there are typos in xpaths.csv?
[WARNING]	Exited prematurely on page 2 of:	Koch-Glitsch	(https://koch.avature.net/en_US/careers/SearchJobs/?954=%5B337261%5D&954_format=6171&listFilterMode=1&jobRecordsPerPage=6&).	This probably means the	SLEEP variable was set too low.	<class 'selenium.common.exceptions.ElementClickInterceptedException'>
[WARNING]	Unfamiliar pattern for:	KYOCERA SGS Precision Tools	(https://secure3.entertimeonline.com/ta/6070986.careers?rnd=YKC&%40rtm=1&JobsSearch=1)	Perhaps there are typos in xpaths.csv?
[WARNING]	Unfamiliar pattern for:	Linde Hydraulics	(https://linde-hydraulics.softgarden.io/de/vacancies)	Perhaps there are typos in xpaths.csv?
[MESSAGE]	Scraped 1 pages of:	LNS America	(https://www2.appone.com/Search/Search.aspx?ServerVar=LNSAmericaINC.appone.com&results=yes).	<class 'selenium.common.exceptions.InvalidArgumentException'>
[MESSAGE]	Scraped 1 pages of:	M. Brashem	(https://workforcenow.adp.com/mascsr/default/mdf/recruitment/recruitment.html?cid=ab8d58ec-a95a-4e12-8e3e-4c0779e2411c&ccId=19000101_000001&lang=en_US	).	<class 'selenium.common.exceptions.NoSuchElementException'>
[MESSAGE]	Scraped 1 pages of:	M. K. Morse	(https://workforcenow.adp.com/mascsr/default/mdf/recruitment/recruitment.html?cid=8b262815-cf55-4dce-9664-9899469104b7&ccId=19000101_000001&lang=en_US	).	<class 'selenium.common.exceptions.NoSuchElementException'>
[MESSAGE]	Scraped 1 pages of:	Mach3 Machining	(https://recruiting.paylocity.com/recruiting/jobs/All/3c61678b-fb6f-4c03-82b9-b63775fa8bc3/Alloy-Engineering-Co	).	<class 'selenium.common.exceptions.InvalidArgumentException'>
[MESSAGE]	Scraped 1 pages of:	Malco - Cleveland	(https://recruiting2.ultipro.com/MAL1001MALC/JobBoard/b1da018e-e54d-4228-aa0c-56eabff1e364/?q=&o=postedDateDesc).	<class 'selenium.common.exceptions.ElementNotInteractableException'>
[MESSAGE]	Scraped 51 pages of:	MarmonKeystone	(https://marmon.wd5.myworkdayjobs.com/en-US/Marmon_Careers/jobs?Group=f2111d18d70f01484d92c5e3f401f04a).	<class 'selenium.common.exceptions.NoSuchElementException'>
[MESSAGE]	Scraped 2 pages of:	Maxcess International - Cleveland	(https://maxcessintl.csod.com/ux/ats/careersite/4/home?c=maxcessintl).	<class 'selenium.common.exceptions.NoSuchElementException'>
[MESSAGE]	Scraped 1 pages of:	Maxcess International - Cleveland	(https://maxcessintl.csod.com/ux/ats/careersite/4/home?c=maxcessintl).	<class 'selenium.common.exceptions.NoSuchElementException'>
[MESSAGE]	Scraped 1 pages of:	Mechanical Dynamics & Analysis	(https://recruiting.paylocity.com/recruiting/jobs/All/f9105a39-64f4-4688-8338-c28b70228bfb/MECHANICAL-DYNAMICS-ANALYSIS-LLC	).	<class 'selenium.common.exceptions.InvalidArgumentException'>
[MESSAGE]	Scraped 1 pages of:	Meyer Products	(https://recruitingbypaycor.com/career/CareerHome.action?clientId=8a7883c681b199c90182032bd52b259b).	<class 'selenium.common.exceptions.InvalidArgumentException'>
[WARNING]	Could not scrape	Meyer Products	(https://recruitingbypaycor.com/career/CareerHome.action?clientId=8a7883c681b199c90182032bd52b259b)	due to listing_xpath being NA
[MESSAGE]	Scraped 1 pages of:	Mid-West Forge	(https://mid-westforge.com/employment/).	<class 'selenium.common.exceptions.InvalidArgumentException'>
[MESSAGE]	Scraped 1 pages of:	Miller Weldmaster	(https://workforcenow.adp.com/mascsr/default/mdf/recruitment/recruitment.html?cid=65d2f62b-0442-465c-bd63-548526d71da7&ccId=19000101_000001&type=JS&lang=en_US&__hstc=18451302.0c055b3b2c2d152a0c1a57e49b0e1b71.1718374617451.1718374617451.1718374617451.1&__hssc=&hsCtaTracking=0eac09b3-c695-47cd-9974-41a4ebf6ecfe%7C2dc02d39-6fd8-4c6c-a29b-07ebb2a8f7bf	).	<class 'selenium.common.exceptions.NoSuchElementException'>
[WARNING]	Exited prematurely on page 1 of:	Morbark, LLC. (a.k.a Rayco Mfg, Inc.)	(https://recruiting.adp.com/srccar/public/RTI.home?_fromPublish=true&c=1054041&d=RaycoCareerCenter#/	).	This probably means the	SLEEP variable was set too low.	<class 'selenium.common.exceptions.ElementClickInterceptedException'>
[MESSAGE]	Scraped 1 pages of:	Morgan Engineering	(https://workforcenow.adp.com/mascsr/default/mdf/recruitment/recruitment.html?cid=36c4afe8-91ab-4345-a4bf-5dfcafa802e7&ccId=19000101_000001&lang=en_US	).	<class 'selenium.common.exceptions.NoSuchElementException'>
[MESSAGE]	Scraped 1 pages of:	MPC Plating Inc	(https://workforcenow.adp.com/mascsr/default/mdf/recruitment/recruitment.html?cid=3f09c222-ae6d-4926-9b4a-c93bb8328fa3&ccId=19000101_000001&type=JS&lang=en_US01_000001&type=JS&lang=en_US	).	<class 'selenium.common.exceptions.NoSuchElementException'>
[MESSAGE]	Scraped 1 pages of:	MSC Industrial Supply - Cleveland	(https://mscdirect-jobs.dzconnex.com/#/jobs).	<class 'selenium.common.exceptions.NoSuchElementException'>
[MESSAGE]	Scraped 1 pages of:	MSC Industrial Supply - Cleveland	(https://mscdirect-jobs.dzconnex.com/#/jobs).	<class 'selenium.common.exceptions.NoSuchElementException'>
[WARNING]	Could not scrape	MUM Industries Inc.	(https://www.mumindustries.com/culture-careers/)	due to listing_xpath being NA
[WARNING]	Unfamiliar pattern for:	National Oilwell Varco	(https://egay.fa.us6.oraclecloud.com/hcmUI/CandidateExperience/en/sites/CX_2001/requisitions)	Perhaps there are typos in xpaths.csv?
[WARNING]	Unfamiliar pattern for:	Nexus Engineering Group	(https://nexusegroup.com/careers/opportunities)	Perhaps there are typos in xpaths.csv?
[MESSAGE]	Scraped 1 pages of:	NOOK Industries	(https://workforcenow.adp.com/mascsr/default/mdf/recruitment/recruitment.html?cid=cd2cd817-5ac1-4091-8bb6-8e9279321eba&ccld-19000101_000001&type=JS&lang=en_US	).	<class 'selenium.common.exceptions.NoSuchElementException'>
[WARNING]	Could not scrape	Novagard	(https://novagard.com/careers/)	due to listing_xpath being NA
[MESSAGE]	Scraped 4 pages of:	Oatey	(https://wd5.myworkdaysite.com/recruiting/oatey/Oatey_External_/).	<class 'selenium.common.exceptions.NoSuchElementException'>
[MESSAGE]	Scraped 1 pages of:	Ohio Gratings	(https://recruiting.ultipro.com/OHI1001OHIOG/JobBoard/c6fb195f-0a40-4768-b35a-5888f9d5ae92/?q=&o=postedDateDesc).	<class 'selenium.common.exceptions.ElementNotInteractableException'>
[MESSAGE]	Scraped 1 pages of:	Ohio Magnetics	(https://workforcenow.adp.com/mascsr/default/mdf/recruitment/recruitment.html?cid=4547a279-92be-4f71-9676-d4a7f4791677&ccId=9200508216277_2&lang=en_US	).	<class 'selenium.common.exceptions.NoSuchElementException'>
[MESSAGE]	Scraped 5 pages of:	Pentair - OH	(https://pentair.wd5.myworkdayjobs.com/Pentair_Careers).	<class 'selenium.common.exceptions.NoSuchElementException'>
[MESSAGE]	Scraped 1 pages of:	Pneumatic Scale Angelus	(https://barrywehmiller.wd1.myworkdayjobs.com/BWCareers?q=Pneumatic+Scale+Angelus).	<class 'selenium.common.exceptions.NoSuchElementException'>
[MESSAGE]	Scraped 1 pages of:	Princeton Tool	(https://recruiting.paylocity.com/recruiting/jobs/All/3580d090-b7ce-42c8-864d-9115d8c74817/PRINCETON-TOOL-INC	).	<class 'selenium.common.exceptions.InvalidArgumentException'>
[WARNING]	Unfamiliar pattern for:	QP Manufacturing	(https://qpmfg.isolvedhire.com/jobs/)	Perhaps there are typos in xpaths.csv?
[WARNING]	Could not scrape	R W SCREW PRODUCTS	(https://www.rwscrew.com/careers/)	due to listing_xpath being NA
[WARNING]	Exited prematurely on page 1 of:	Ramco Specialties	(https://www.paycomonline.net/v4/ats/web.php/jobs?clientkey=3C8900B6820FAC1C1B1BC2DCCD14215D).	This probably means the	SLEEP variable was set too low.	<class 'selenium.common.exceptions.ElementClickInterceptedException'>
[MESSAGE]	Scraped 1 pages of:	Republic Steel	(https://recruiting.ultipro.com/REP1002REP/JobBoard/d9db19dd-6986-437a-af04-a3b85a72d680/?q=&o=postedDateDesc).	<class 'selenium.common.exceptions.ElementNotInteractableException'>
[MESSAGE]	Scraped 22 pages of:	Rexnord - Cleveland	(https://regalrexnord.wd1.myworkdayjobs.com/Careers).	<class 'selenium.common.exceptions.NoSuchElementException'>
[MESSAGE]	Scraped 1 pages of:	RICO Equipment	(https://ricoequipment.applicantpro.com/jobs/).	<class 'selenium.common.exceptions.InvalidArgumentException'>
[WARNING]	Unfamiliar pattern for:	Ryerson - CLE	(https://www.ryerson.com/ourcompany/careers)	Perhaps there are typos in xpaths.csv?
[MESSAGE]	Scraped 1 pages of:	S&B Metal Products	(https://recruiting.paylocity.com/recruiting/jobs/All/d45c8e15-af49-4709-9f3d-1b4990971f0d/GROUP-ONE-LLC	).	<class 'selenium.common.exceptions.InvalidArgumentException'>
[MESSAGE]	Scraped 1 pages of:	Schneller	(https://recruiting.adp.com/srccar/public/RTI.home?c=2173007&d=Schneller&__hstc=&__hssc=&hsCtaTracking=b67d0b50-4b84-4358-b019-c90c4a7a710a%7C07a9dc09-9e43-4ea6-b6d7-cec23cd07688	).	<class 'AssertionError'>
[WARNING]	Unfamiliar pattern for:	Selas Heat Technology	(https://selas.isolvedhire.com/jobs/)	Perhaps there are typos in xpaths.csv?
[MESSAGE]	Scraped 1 pages of:	SES Engineering	(https://workforcenow.adp.com/mascsr/default/mdf/recruitment/recruitment.html?cid=eb713ced-0670-4dae-bb6e-33a18714297d&ccId=19000101_000001&type=MP&lang=en_US	).	<class 'selenium.common.exceptions.NoSuchElementException'>
[MESSAGE]	Scraped 1 pages of:	SFS Group - Cleveland	(https://workforcenow.adp.com/mascsr/default/mdf/recruitment/recruitment.html?cid=76bf03e0-75ea-45b0-9f95-64c5b1a80fd7&ccId=19000101_000001&type=MP&lang=en_US	).	<class 'selenium.common.exceptions.NoSuchElementException'>
[MESSAGE]	Scraped 1 pages of:	Simbionix	(https://simbionix.com/company/job-opportunities/).	<class 'selenium.common.exceptions.InvalidArgumentException'>
[MESSAGE]	Scraped 1 pages of:	SKF - Cleveland	(https://skf-jobs.dzconnex.com/#/jobs).	<class 'selenium.common.exceptions.NoSuchElementException'>
[MESSAGE]	Scraped 3 pages of:	SKF - Cleveland	(https://skf-jobs.dzconnex.com/#/jobs).	<class 'selenium.common.exceptions.NoSuchElementException'>
[MESSAGE]	Scraped 1 pages of:	Skylift	(https://recruiting.paylocity.com/recruiting/jobs/All/56bd3ddf-4d76-4696-999e-a99e74825ce8/Sky-Lift-Inc	).	<class 'selenium.common.exceptions.InvalidArgumentException'>
[MESSAGE]	Scraped 1 pages of:	Spartronics	(https://www.spartronics.com/about/careers/current-job-openings	).	<class 'selenium.common.exceptions.InvalidArgumentException'>
[WARNING]	Unfamiliar pattern for:	SSP	(https://secure6.saashr.com/ta/6173336.careers?CareersSearch)	Perhaps there are typos in xpaths.csv?
[MESSAGE]	Scraped 1 pages of:	STAHL	(https://stahltruckbodies.com/careers/).	<class 'selenium.common.exceptions.InvalidArgumentException'>
[MESSAGE]	Scraped 26 pages of:	STANLEY Engineered Fastening - Cleveland	(https://sbdinc.wd1.myworkdayjobs.com/Stanley_Black_Decker_Career_Site).	<class 'selenium.common.exceptions.NoSuchElementException'>
[MESSAGE]	Scraped 26 pages of:	STANLEY Infrastructure	(https://sbdinc.wd1.myworkdayjobs.com/Stanley_Black_Decker_Career_Site).	<class 'selenium.common.exceptions.NoSuchElementException'>
[MESSAGE]	Scraped 1 pages of:	Steven Douglas Corp	(https://recruiting.paylocity.com/recruiting/jobs/All/685eea51-28d3-4b02-b9bb-3ac7bf5cb64c/Steven-Douglas-Corp	).	<class 'selenium.common.exceptions.InvalidArgumentException'>
[MESSAGE]	Scraped 1 pages of:	Stone Products	(https://www.beaverexcavating.com/careers/).	<class 'selenium.common.exceptions.InvalidArgumentException'>
[MESSAGE]	Scraped 1 pages of:	Struers	(https://recruiting.ultipro.com/ROP1002RIPIC/JobBoard/c90ba72c-379b-4938-8b3b-98703d45c637/?q=&o=postedDateDesc).	<class 'selenium.common.exceptions.ElementNotInteractableException'>
[MESSAGE]	Scraped 8 pages of:	Terex Corporation - Cleveland	(https://terex.wd1.myworkdayjobs.com/terexcareers).	<class 'selenium.common.exceptions.NoSuchElementException'>
[MESSAGE]	Scraped 1 pages of:	TerraSource Global	(https://terrasourceglobal.aaimtrack.com/jobs/).	<class 'selenium.common.exceptions.InvalidArgumentException'>
[MESSAGE]	Scraped 26 pages of:	The Ferry Cap & Set Screw	(https://sbdinc.wd1.myworkdayjobs.com/Stanley_Black_Decker_Career_Site).	<class 'selenium.common.exceptions.NoSuchElementException'>
[WARNING]	Unfamiliar pattern for:	The Slabe Machine Products	(https://slabemachine.pinpointhq.com)	Perhaps there are typos in xpaths.csv?
[MESSAGE]	Scraped 1 pages of:	The Will-Burt Company	(https://recruiting.ultipro.com/WIL1029WIBO/JobBoard/76cd0ebd-a8b9-45cd-a6dc-e5bd6dad42a5/?q=&o=postedDateDesc).	<class 'selenium.common.exceptions.ElementNotInteractableException'>
[WARNING]	Unfamiliar pattern for:	TWB (Worthington Industries)	(https://cbdt.fa.us2.oraclecloud.com/hcmUI/CandidateExperience/en/sites/WorthingtonSteelCareers)	Perhaps there are typos in xpaths.csv?
[WARNING]	Unfamiliar pattern for:	Tylok International	(https://tylok.isolvedhire.com/jobs)	Perhaps there are typos in xpaths.csv?
[MESSAGE]	Scraped 1 pages of:	USNR	(https://woodtech.rec.pro.ukg.net/VEC1002MIDCO/JobBoard/0e81673e-c740-4862-8d4c-d5c670fd46b9/?q=&o=postedDateDesc&w=&wc=&we=&wpst=).	<class 'selenium.common.exceptions.InvalidArgumentException'>
[WARNING]	Unfamiliar pattern for:	Valley Industrial Trucks	(https://valleyindustrialtrucks.com/employment-opportunities-at-valley-industrial-trucks/)	Perhaps there are typos in xpaths.csv?
[MESSAGE]	Scraped 6 pages of:	Ventrac	(https://ttc.wd1.myworkdayjobs.com/Toro_External_Careers/).	<class 'selenium.common.exceptions.NoSuchElementException'>
[WARNING]	Unfamiliar pattern for:	Viking Forge	(https://www.viking-forge.com/careers-at-viking-forge/)	Perhaps there are typos in xpaths.csv?
[MESSAGE]	Scraped 1 pages of:	WARDJet	(https://recruiting.ultipro.ca/AXY5000AXYZ).	<class 'selenium.common.exceptions.ElementNotInteractableException'>
[MESSAGE]	Scraped 6 pages of:	Watts Water Technologies	(https://wattswater.wd5.myworkdayjobs.com/External).	<class 'selenium.common.exceptions.NoSuchElementException'>
[WARNING]	Unfamiliar pattern for:	Welbilt - Manitowoc Foodservice	(https://hcqd.fa.us1.oraclecloud.com/hcmUI/CandidateExperience/en/sites/CX_1/)	Perhaps there are typos in xpaths.csv?
[WARNING]	Unfamiliar pattern for:	Wesco International - Cleveland	(https://egay.fa.us6.oraclecloud.com/hcmUI/CandidateExperience/en/sites/CX_2001/requisitions?lastSelectedFacet=LOCATIONS&selectedLocationsFacet=300000000229164)	Perhaps there are typos in xpaths.csv?
[MESSAGE]	Scraped 1 pages of:	Western Branch Diesel	(https://workforcenow.adp.com/mascsr/default/mdf/recruitment/recruitment.html?cid=06ac6923-7485-4dbc-af8c-2d543fd02bde&ccId=19000101_000001&type=MP&lang=en_US&hsCtaTracking=2b621a37-495a-47d0-adef-33f1ccede4d1%7C82a4c676-1dc8-4eaf-8576-f778a3a8a9ff&selectedMenuKey=CareerCenter	).	<class 'selenium.common.exceptions.NoSuchElementException'>
[MESSAGE]	Scraped 1 pages of:	Western Enterprises	(https://workforcenow.adp.com/mascsr/default/mdf/recruitment/recruitment.html?cid=82416632-9bae-4a55-bfff-c0b6e9d11c8e&ccId=19000101_000001&lang=en_US	).	<class 'selenium.common.exceptions.NoSuchElementException'>
[MESSAGE]	Scraped 1 pages of:	Western/Scott Fetzer	(https://workforcenow.adp.com/mascsr/default/mdf/recruitment/recruitment.html?cid=82416632-9bae-4a55-bfff-c0b6e9d11c8e&ccId=19000101_000001&lang=en_US	).	<class 'selenium.common.exceptions.NoSuchElementException'>
[WARNING]	Unfamiliar pattern for:	Wikipedia	(https://en.wikipedia.org/wiki/Main_Page)	Perhaps there are typos in xpaths.csv?
[MESSAGE]	Scraped 1 pages of:	Wls Stamping	(https://recruiting.paylocity.com/recruiting/jobs/All/3440c770-3252-4879-ae96-0e9a4985ec6e/WLS-Companies	).	<class 'selenium.common.exceptions.InvalidArgumentException'>
[MESSAGE]	Scraped 1 pages of:	WTWH Media	(https://recruiting.paylocity.com/recruiting/jobs/All/eafe32b7-57a8-48ce-82e0-880033997e21/Design-World-LLC	).	<class 'selenium.common.exceptions.InvalidArgumentException'>
[MESSAGE]	Scraped 3 pages of:	YESCO	(https://yesco.wd1.myworkdayjobs.com/External).	<class 'selenium.common.exceptions.NoSuchElementException'>
[MESSAGE]	Scraped 1 pages of:	Youngstown Tool & Die	(https://www.applicantpro.com/openings/youngstowntool/jobs).	<class 'selenium.common.exceptions.InvalidArgumentException'>
[WARNING]	Exited prematurely on page 1 of:	AuguStar Life / Ohio National Life	(https://recruiting.adp.com/srccar/public/RTI.home?c=1168051&d=ExternalCareerSite).	This probably means the	SLEEP variable was set too low.	<class 'selenium.common.exceptions.ElementClickInterceptedException'>
[MESSAGE]	Scraped 1 pages of:	Bank of Utah	(https://recruiting2.ultipro.com/BAN1021BKUT/JobBoard/04aadaa1-b755-4879-8cc7-bd61facc7e44/?q=&o=postedDateDesc).	<class 'selenium.common.exceptions.ElementNotInteractableException'>
[MESSAGE]	Scraped 3 pages of:	illumifin	(https://recruiting.adp.com/srccar/public/RTI.home?d=ExternalCareerSite&_icx=v02ylaEanx0_xQCv2j8RvQnPCBrARbHyQ3LYKuA7TAoOqCHG%2FAyl%2F4%2FYcw0c4UszRoZ&c=1068741&_dissimuloSSO=3I7zc_kwoS8:K4okTK5Ao9dgESUY1olgKrPYuzs).	<class 'AssertionError'>
[MESSAGE]	Scraped 1 pages of:	The Accel Group	(https://recruiting.paylocity.com/Recruiting/Jobs/All/3fe14e7b-8843-4244-9269-d7577d91c679/ACCEL-HOLDINGS-INC).	<class 'selenium.common.exceptions.InvalidArgumentException'>
[MESSAGE]	Scraped 1 pages of:	wellabe	(https://recruiting.ultipro.com/AME1065/JobBoard/cdfdf806-e3aa-dfb4-4c6e-c7c656217b40/?q=&o=postedDateDesc).	<class 'selenium.common.exceptions.ElementNotInteractableException'>
[MESSAGE]	Scraped 1 pages of:	SitelogIQ	(https://recruiting2.ultipro.com/SIT1001SILQ/JobBoard/6a77286d-3477-45d7-9461-715b965f604c/?q=&o=postedDateDesc&w=&wc=&we=&wpst=).	<class 'selenium.common.exceptions.ElementNotInteractableException'>
[MESSAGE]	Scraped 1 pages of:	Harris	(https://recruiting2.ultipro.com/ONE1016OHINC/JobBoard/71350453-e4a5-4859-b196-5d0c56c9190e/?q=&o=postedDateDesc&w=&wc=&we=&wpst=).	<class 'selenium.common.exceptions.ElementNotInteractableException'>
[MESSAGE]	Scraped 1 pages of:	Knobelsdorff Electric	(https://keway.bamboohr.com/careers).	<class 'selenium.common.exceptions.InvalidArgumentException'>
[MESSAGE]	Scraped 1 pages of:	Alston Construction - Phoenix	(https://alstonco.com/careers/careers-3/view-our-openings/).	<class 'selenium.common.exceptions.InvalidArgumentException'>
[MESSAGE]	Scraped 1 pages of:	B&F Contracting	(https://bfcontracting.com/job-search/).	<class 'selenium.common.exceptions.InvalidArgumentException'>
[MESSAGE]	Scraped 1 pages of:	BRYCON Construction	(https://brycon.rec.pro.ukg.net/BRY1004BRYC/JobBoard/0046bda3-9a27-4c2a-8d4a-5666fe63c63a/?q=&o=postedDateDesc&f5=37-s39pHDkWoRJG-64Qu3A).	<class 'selenium.common.exceptions.InvalidArgumentException'>
[MESSAGE]	Scraped 5 pages of:	Ryan - AZ	(https://ryancompanies.wd5.myworkdayjobs.com/ryancompanies).	<class 'selenium.common.exceptions.NoSuchElementException'>
[WARNING]	Unfamiliar pattern for:	Fleming Complete	(https://fleming.isolvedhire.com/jobs/)	Perhaps there are typos in xpaths.csv?
[MESSAGE]	Scraped 1 pages of:	FNF Construction - CIVIL	(https://fnfinc.applicantpro.com/jobs/).	<class 'selenium.common.exceptions.InvalidArgumentException'>
[MESSAGE]	Scraped 11 pages of:	Granite Construction - AZ	(https://granite.wd1.myworkdayjobs.com/careers).	<class 'selenium.common.exceptions.NoSuchElementException'>
[MESSAGE]	Scraped 5 pages of:	HKS - Non Construction	(https://hksinc.wd5.myworkdayjobs.com/HKSCareers).	<class 'selenium.common.exceptions.NoSuchElementException'>
[MESSAGE]	Scraped 1 pages of:	IDM Companies	(https://idmcompanies.wd1.myworkdayjobs.com/idmexternalcareersite).	<class 'selenium.common.exceptions.NoSuchElementException'>
[MESSAGE]	Scraped 100 pages of:	Jones Lang LaSalle - AZ	(https://jll.wd1.myworkdayjobs.com/jllcareers).	<class 'selenium.common.exceptions.NoSuchElementException'>
[WARNING]	Unfamiliar pattern for:	JE Dunn Construction - AZ	(https://jobs.jedunn.com/search/?createNewAlert=false&q=&locationsearch=&optionsFacetsDD_customfield1=)	Perhaps there are typos in xpaths.csv?
[MESSAGE]	Scraped 1 pages of:	Jokake Construction	(https://jokake.com/careers/).	<class 'selenium.common.exceptions.InvalidArgumentException'>
[WARNING]	Unfamiliar pattern for:	Lincoln Ventures - PHX	(https://lvcollective.com/careers/)	Perhaps there are typos in xpaths.csv?
[MESSAGE]	Scraped 5 pages of:	Mill Creek Residential Trust - AZ	(https://mcrtrust.wd1.myworkdayjobs.com/Mill_Creek_Careers).	<class 'selenium.common.exceptions.NoSuchElementException'>
[WARNING]	Unfamiliar pattern for:	Path Construction	(https://apply.workable.com/path-construction/)	Perhaps there are typos in xpaths.csv?
[WARNING]	Unfamiliar pattern for:	Tutor Perini - AZ	(https://phe.tbe.taleo.net/phe01/ats/careers/v2/jobSearch?act=redirectCwsV2&cws=39&org=TUTORPERINI)	Perhaps there are typos in xpaths.csv?
[WARNING]	Unfamiliar pattern for:	EMJ - AZ	(https://phg.tbe.taleo.net/phg02/ats/careers/v2/searchResults?org=EMJCORP&cws=43)	Perhaps there are typos in xpaths.csv?
[WARNING]	Unfamiliar pattern for:	PMA Consultants - PHX	(https://jobs.lever.co/pmaconsultants)	Perhaps there are typos in xpaths.csv?
[MESSAGE]	Scraped 3 pages of:	Prologis - AZ	(https://prologis.wd5.myworkdayjobs.com/Prologis_External_Careers).	<class 'selenium.common.exceptions.NoSuchElementException'>
[WARNING]	Exited prematurely on page 7 of:	QTS - AZ	(https://qtsdatacenters.wd5.myworkdayjobs.com/qts).	This probably means the	SLEEP variable was set too low.	<class 'selenium.common.exceptions.StaleElementReferenceException'>
[MESSAGE]	Scraped 7 pages of:	ATI	(https://recruiting.adp.com/srccar/public/RTI.home?c=2193131&d=ExternalCareerSite).	<class 'AssertionError'>
[MESSAGE]	Scraped 1 pages of:	McShane Construction - AZ	(https://recruiting.paylocity.com/recruiting/jobs/All/4755b52f-fefe-48b7-9578-93f1453ded56/McShane-Construction-Company-LLC).	<class 'selenium.common.exceptions.InvalidArgumentException'>
[MESSAGE]	Scraped 1 pages of:	Conor Commercial Real Estate	(https://recruiting.paylocity.com/recruiting/jobs/All/c697927c-7c1c-414f-9625-61d1d92da0fc/Conor-Commercial-Real-Estate-LLC).	<class 'selenium.common.exceptions.InvalidArgumentException'>
[MESSAGE]	Scraped 1 pages of:	Clune Construction - PHX	(https://recruiting.paylocity.com/Recruiting/Jobs/All/f1652500-a1f8-4144-a2b7-2fab141f9e39/Clune-Construction-Company).	<class 'selenium.common.exceptions.InvalidArgumentException'>
[MESSAGE]	Scraped 1 pages of:	C&S Companies	(https://recruiting.ultipro.com/CSW1000CSW/JobBoard/a28104d0-e4aa-4542-a43a-9af707a10bb0/?q=&o=postedDateDesc).	<class 'selenium.common.exceptions.ElementNotInteractableException'>
[MESSAGE]	Scraped 1 pages of:	Pulice Construction	(https://recruiting.ultipro.com/DRA1001DRAGA/JobBoard/acd99820-2696-473d-acfa-a4e35cc9ae2f/?q=&o=postedDateDesc).	<class 'selenium.common.exceptions.ElementNotInteractableException'>
[MESSAGE]	Scraped 1 pages of:	Alliance Residential - AZ	(https://recruiting2.ultipro.com/ALL1030ARLLC/JobBoard/0f77d25b-50b8-495d-84cb-21e450af04b6/?q=&o=postedDateDesc&w=&wc=&we=&wpst=).	<class 'selenium.common.exceptions.ElementNotInteractableException'>
[MESSAGE]	Scraped 1 pages of:	Austin Industries - AZ	(https://recruiting2.ultipro.com/AUS1003AUIN/JobBoard/611d5a38-76c4-4f66-a55f-2bc012d98024/?q=&o=postedDateDesc&w=&wc=&we=&wpst=).	<class 'selenium.common.exceptions.ElementNotInteractableException'>
[MESSAGE]	Scraped 1 pages of:	Big-D Construction	(https://recruiting2.ultipro.com/BIG1005BGDC/JobBoard/a1b85713-c4d6-4da4-98fa-9080a291bd18/?q=&o=postedDateDesc&w=&wc=&we=&wpst=).	<class 'selenium.common.exceptions.ElementNotInteractableException'>
[MESSAGE]	Scraped 1 pages of:	Hensel Phelps - AZ	(https://recruiting2.ultipro.com/HEN1009HPCC/JobBoard/b27ab828-18a9-4f10-8ee1-8259de6c9e73/?q=&o=postedDateDesc).	<class 'selenium.common.exceptions.ElementNotInteractableException'>
[MESSAGE]	Scraped 1 pages of:	Macerich	(https://recruiting2.ultipro.com/MAC1009MAMAC/JobBoard/64246f31-2c48-4e66-bd76-9cef6ad5e980/?q=&o=postedDateDesc&w=&wc=&we=&wpst=).	<class 'selenium.common.exceptions.ElementNotInteractableException'>
[MESSAGE]	Scraped 1 pages of:	Pb Bell Companies	(https://recruiting2.ultipro.com/PBB1000PBBA/JobBoard/2863c57d-eca0-4a18-a641-884777ad1581/?q=&o=postedDateDesc&w=&wc=&we=&wpst=).	<class 'selenium.common.exceptions.ElementNotInteractableException'>
[MESSAGE]	Scraped 1 pages of:	Gorman & Company	(https://recruitingbypaycor.com/career/CareerHome.action?clientId=8a7883c66e1f22fa016e479ee54222c0).	<class 'selenium.common.exceptions.InvalidArgumentException'>
[WARNING]	Could not scrape	Gorman & Company	(https://recruitingbypaycor.com/career/CareerHome.action?clientId=8a7883c66e1f22fa016e479ee54222c0)	due to listing_xpath being NA
[MESSAGE]	Scraped 1 pages of:	Related Group - AZ	(https://relatedgroup.com/careers/).	<class 'selenium.common.exceptions.NoSuchElementException'>
[MESSAGE]	Scraped 1 pages of:	The Rockefeller Group - PHX	(https://rockefellergroup.wd5.myworkdayjobs.com/en-US/Rockefeller?source=Linkedin).	<class 'selenium.common.exceptions.NoSuchElementException'>
[MESSAGE]	Scraped 1 pages of:	Rummel Construction	(https://rummelconstruction.applicantpro.com/jobs/).	<class 'selenium.common.exceptions.InvalidArgumentException'>
[WARNING]	Unfamiliar pattern for:	Walters & Wolf	(https://secure6.saashr.com/ta/6170053.careers?CareersSearch)	Perhaps there are typos in xpaths.csv?
[MESSAGE]	Scraped 18 pages of:	STV - PHX	(https://stvinc.wd5.myworkdayjobs.com/stv).	<class 'selenium.common.exceptions.NoSuchElementException'>
[MESSAGE]	Scraped 1 pages of:	ZELUS	(https://recruitingbypaycor.com/career/CareerHome.action?clientId=8a7883d08c7f5f9a018cdb1414b15865).	<class 'selenium.common.exceptions.InvalidArgumentException'>
[WARNING]	Could not scrape	ZELUS	(https://recruitingbypaycor.com/career/CareerHome.action?clientId=8a7883d08c7f5f9a018cdb1414b15865)	due to listing_xpath being NA
[MESSAGE]	Scraped 1 pages of:	TEPCON Construction	(https://tepcon.com/careers/).	<class 'selenium.common.exceptions.InvalidArgumentException'>
[MESSAGE]	Scraped 4 pages of:	Transwestern - PHX	(https://transwestern.wd1.myworkdayjobs.com/TWCareers).	<class 'selenium.common.exceptions.NoSuchElementException'>
[WARNING]	Exited prematurely on page 1 of:	Haydon	(https://us232.dayforcehcm.com/CandidatePortal/en-US/haydon/SITE/HAYDONCAREERS).	This probably means the	SLEEP variable was set too low.	<class 'selenium.common.exceptions.ElementClickInterceptedException'>
[WARNING]	Unfamiliar pattern for:	Wood Partners LLC - AZ	(https://wood-partners.hrmdirect.com/employment/job-openings.php?search=true&city=-1&state=-1&cust_sort1=-1)	Perhaps there are typos in xpaths.csv?
[MESSAGE]	Scraped 1 pages of:	Park7 Group	(https://workforcenow.adp.com/mascsr/default/mdf/recruitment/recruitment.html?cid=0bed8028-6dda-4278-891c-17ff5b499ace&ccId=19000101_000001&lang=en_US).	<class 'selenium.common.exceptions.NoSuchElementException'>
[MESSAGE]	Scraped 1 pages of:	Schnitzer Properties	(https://workforcenow.adp.com/mascsr/default/mdf/recruitment/recruitment.html?cid=266c5e1b-c139-4ab5-8e85-c048edae1a6c&ccId=19000101_000001&type=MP&lang=en_US).	<class 'selenium.common.exceptions.ElementNotInteractableException'>
[MESSAGE]	Scraped 1 pages of:	Vestar	(https://workforcenow.adp.com/mascsr/default/mdf/recruitment/recruitment.html?cid=7ae0942f-d6de-4ed2-a75d-f9df01d4c645&ccId=19000101_000001&lang=en_US).	<class 'selenium.common.exceptions.NoSuchElementException'>
[MESSAGE]	Scraped 1 pages of:	FCL Builders - AZ	(https://workforcenow.adp.com/mascsr/default/mdf/recruitment/recruitment.html?cid=afa743df-ea4e-4f68-a19d-e06a958b5c1c&ccId=19000101_000001&lang=en_US).	<class 'selenium.common.exceptions.NoSuchElementException'>
[MESSAGE]	Scraped 1 pages of:	VCC - AZ	(https://workforcenow.adp.com/mascsr/default/mdf/recruitment/recruitment.html?cid=f3ae50a2-13a7-4551-a7e8-7d167580d232&ccId=19442920_3204&type=JS&lang=en_US).	<class 'selenium.common.exceptions.NoSuchElementException'>
[MESSAGE]	Scraped 3 pages of:	Ames Construction	(https://amesconstruction.wd12.myworkdayjobs.com/Ames).	<class 'selenium.common.exceptions.NoSuchElementException'>
[MESSAGE]	Scraped 1 pages of:	Wolff Company (RE Developer)	(https://recruiting.paylocity.com/Recruiting/Jobs/All/7d7ee814-1ad9-48e9-b086-7b210c54379b/The-Wolff-Company).	<class 'selenium.common.exceptions.InvalidArgumentException'>
[MESSAGE]	Scraped 1 pages of:	Bjerk Builders	(https://www.bjerkbuilders.com/join-our-team/).	<class 'selenium.common.exceptions.InvalidArgumentException'>
[WARNING]	Unfamiliar pattern for:	Caliber	(https://www.caliberco.com/careers/)	Perhaps there are typos in xpaths.csv?
[MESSAGE]	Scraped 12 pages of:	Digital Building Components	(https://mydpr.wd5.myworkdayjobs.com/11212017).	<class 'selenium.common.exceptions.NoSuchElementException'>
[MESSAGE]	Scraped 12 pages of:	DPR Construction - AZ	(https://mydpr.wd5.myworkdayjobs.com/11212017).	<class 'selenium.common.exceptions.NoSuchElementException'>
[MESSAGE]	Scraped 1 pages of:	Fore Property - AZ	(https://workforcenow.adp.com/mascsr/default/mdf/recruitment/recruitment.html?cid=6541215b-a89c-4d9b-b1ac-310eb0078488&ccId=19000101_000001&type=MP&lang=en_US).	<class 'selenium.common.exceptions.NoSuchElementException'>
[WARNING]	Unfamiliar pattern for:	GCON	(https://www.gconinc.com/careers/)	Perhaps there are typos in xpaths.csv?
[WARNING]	Exited prematurely on page 1 of:	Henderson Engineers	(https://us241.dayforcehcm.com/CandidatePortal/en-US/hendersonco).	This probably means the	SLEEP variable was set too low.	<class 'selenium.common.exceptions.ElementClickInterceptedException'>
[WARNING]	Exited prematurely on page 1 of:	ISEC - AZ	(https://us241.dayforcehcm.com/CandidatePortal/en-US/isec/).	This probably means the	SLEEP variable was set too low.	<class 'selenium.common.exceptions.ElementClickInterceptedException'>
[WARNING]	Unfamiliar pattern for:	Kovach - Sub contractor	(https://secure3.entertimeonline.com/ta/PE20419.careers?CareersSearch&lnFrameset=1&HostedBy=www.kovach.smallgiantsonline.com)	Perhaps there are typos in xpaths.csv?
[WARNING]	Unfamiliar pattern for:	Mark-Taylor	(https://www.mark-taylor.com/view-current-opportunities)	Perhaps there are typos in xpaths.csv?
[WARNING]	Unfamiliar pattern for:	NexMetro Communities	(https://nexmetro-communities.breezy.hr)	Perhaps there are typos in xpaths.csv?
[WARNING]	Unfamiliar pattern for:	Okland Construction	(https://secure6.saashr.com/ta/6165210.careers?CareersSearch)	Perhaps there are typos in xpaths.csv?
[MESSAGE]	Scraped 1 pages of:	Critical Project Services - AZ	(https://www.paycomonline.net/v4/ats/web.php/jobs?clientkey=5109156B815B32CCAF9F5A76AD2008D3).	<class 'selenium.common.exceptions.NoSuchElementException'>
[MESSAGE]	Scraped 1 pages of:	RED Development	(https://www.reddevelopment.com/careers/).	<class 'selenium.common.exceptions.NoSuchElementException'>
[MESSAGE]	Scraped 1 pages of:	Weitz - AZ	(https://www.weitz.com/careers/job-openings/).	<class 'selenium.common.exceptions.InvalidArgumentException'>
[MESSAGE]	Scraped 1 pages of:	Yamato Scales	(https://recruiting.paylocity.com/recruiting/jobs/All/c0de929d-554c-4592-adf4-32243c2e380a/Yamato-Corporation).	<class 'selenium.common.exceptions.InvalidArgumentException'>
[MESSAGE]	Scraped 1 pages of:	Wolter fka Wisconsin Lift Truck	(https://workforcenow.adp.com/mascsr/default/mdf/recruitment/recruitment.html?cid=8e7af0d4-c4b0-4f08-881b-da741bbcd6ba&ccId=19000101_000001&type=JS&lang=en_US).	<class 'selenium.common.exceptions.NoSuchElementException'>
[MESSAGE]	Scraped 1 pages of:	Weldall Mfg	(https://recruiting.paylocity.com/recruiting/jobs/All/2c402d63-a188-4bd4-8880-76387ab0e520/Weldall-Manufacturing-Inc).	<class 'selenium.common.exceptions.InvalidArgumentException'>
[MESSAGE]	Scraped 1 pages of:	WAUKESHA ELECTRIC SYSTEMS	(https://workforcenow.adp.com/mascsr/default/mdf/recruitment/recruitment.html?cid=4f2488ef-4bca-483d-b781-fe39c53a74c2&amp;ccId=19000101_000001&amp;lang=en_US).	<class 'selenium.common.exceptions.NoSuchElementException'>
[MESSAGE]	Scraped 1 pages of:	Trico	(https://recruiting.paylocity.com/recruiting/jobs/All/9597f2af-7cda-442f-b218-92af2288b160/Trico-Corporation).	<class 'selenium.common.exceptions.InvalidArgumentException'>
[MESSAGE]	Scraped 1 pages of:	TraceAMatic Corporation	(https://recruiting.paylocity.com/Recruiting/Jobs/All/95ff24c1-6f76-47af-b559-bd8a06c6663d).	<class 'selenium.common.exceptions.InvalidArgumentException'>
[MESSAGE]	Scraped 1 pages of:	TechniBlend	(https://recruiting.ultipro.com/PRO1027PROMA/JobBoard/4f2e6cdb-74ae-4dd0-a40e-ad85f30f189c/?q=&o=postedDateDesc&w=&wc=&we=&wpst=).	<class 'selenium.common.exceptions.ElementNotInteractableException'>
[MESSAGE]	Scraped 1 pages of:	Steele Solutions	(https://workforcenow.adp.com/mascsr/default/mdf/recruitment/recruitment.html?cid=7682a5e2-666b-4f3e-bb96-41a6e6245e87&ccId=19000101_000001&type=JS&lang=en_US).	<class 'selenium.common.exceptions.NoSuchElementException'>
[WARNING]	Exited prematurely on page 1 of:	Steel Craft	(https://www.paycomonline.net/v4/ats/web.php/jobs?clientkey=42D70A7C07A757BB5767608E9F5633F5).	This probably means the	SLEEP variable was set too low.	<class 'selenium.common.exceptions.ElementClickInterceptedException'>
[MESSAGE]	Scraped 1 pages of:	Signicast Investment Castings	(https://us241.dayforcehcm.com/CandidatePortal/en-US/formtechnologies/Site/SIGNICAST).	<class 'selenium.common.exceptions.NoSuchElementException'>
[MESSAGE]	Scraped 10 pages of:	Rite-Hite - WI	(https://ritehite.wd12.myworkdayjobs.com/RHH).	<class 'selenium.common.exceptions.NoSuchElementException'>
[MESSAGE]	Scraped 1 pages of:	Res Manufacturing Co	(https://www.resmfg.com/careers/).	<class 'selenium.common.exceptions.InvalidArgumentException'>
[WARNING]	Unfamiliar pattern for:	Price Engineering	(https://jobs.lever.co/sunsrce)	Perhaps there are typos in xpaths.csv?
[MESSAGE]	Scraped 1 pages of:	Precision Plus	(https://workforcenow.adp.com/mascsr/default/mdf/recruitment/recruitment.html?cid=b7b7c3e0-c577-4f38-b43e-c3b816deb150&ccId=19000101_000001&source=CC2&lang=en_US).	<class 'selenium.common.exceptions.ElementNotInteractableException'>
[WARNING]	Exited prematurely on page 1 of:	Plymouth Tube Co. -  East Troy, WI	(https://us241.dayforcehcm.com/CandidatePortal/en-US/Plymouth).	This probably means the	SLEEP variable was set too low.	<class 'selenium.common.exceptions.ElementClickInterceptedException'>
[WARNING]	Unfamiliar pattern for:	Pivot Point	(https://pivotpins.isolvedhire.com/jobs/)	Perhaps there are typos in xpaths.csv?
[MESSAGE]	Scraped 1 pages of:	Pindel Global Precision	(https://recruiting.paylocity.com/recruiting/jobs/All/2a90c2e3-d522-4a74-88d3-c0c8b2704096/Pindel-Global-Precision-Inc).	<class 'selenium.common.exceptions.InvalidArgumentException'>
[WARNING]	Unfamiliar pattern for:	PFlow Industries	(https://secure3.saashr.com/ta/6128029.careers?CareersSearch&ein_id=17404865)	Perhaps there are typos in xpaths.csv?
[MESSAGE]	Scraped 2 pages of:	Permobil	(https://permobil.csod.com/ux/ats/careersite/5/home?c=permobil).	<class 'selenium.common.exceptions.NoSuchElementException'>
[MESSAGE]	Scraped 1 pages of:	Permobil	(https://permobil.csod.com/ux/ats/careersite/5/home?c=permobil).	<class 'selenium.common.exceptions.NoSuchElementException'>
[MESSAGE]	Scraped 1 pages of:	Perlick	(https://recruiting2.ultipro.com/PER1025PERC/JobBoard/fc23e323-7848-4204-83a4-21b3780773c5/?q=&o=postedDateDesc).	<class 'selenium.common.exceptions.ElementNotInteractableException'>
[WARNING]	Exited prematurely on page 1 of:	Capitol Stampings Corp	(https://www.paycomonline.net/v4/ats/web.php/jobs?clientkey=42D70A7C07A757BB5767608E9F5633F5&fromClientSide=true).	This probably means the	SLEEP variable was set too low.	<class 'selenium.common.exceptions.ElementClickInterceptedException'>
[WARNING]	Exited prematurely on page 1 of:	Osborn	(https://www.paycomonline.net/v4/ats/web.php/jobs?clientkey=81DB8032976AEF60AAA89135BB028A85).	This probably means the	SLEEP variable was set too low.	<class 'selenium.common.exceptions.ElementClickInterceptedException'>
[WARNING]	Unfamiliar pattern for:	Oerlikon	(https://careers.oerlikon.com/search/?createNewAlert=false&q=&optionsFacetsDD_customfield1=&optionsFacetsDD_country=)	Perhaps there are typos in xpaths.csv?
[MESSAGE]	Scraped 1 pages of:	Nordco Inc	(https://wabtec.wd1.myworkdayjobs.com/wabtec_careers?locations=35a355884b4e01edc9c932ae4f013859).	<class 'selenium.common.exceptions.NoSuchElementException'>
[WARNING]	Unfamiliar pattern for:	NABCO Entrances	(https://www.nabcoentrances.com/our-company/careers/)	Perhaps there are typos in xpaths.csv?
[WARNING]	Exited prematurely on page 1 of:	MTE	(https://recruiting.adp.com/srccar/public/RTI.home?c=2190731&d=ExternalCareerSite-MTECorporation).	This probably means the	SLEEP variable was set too low.	<class 'selenium.common.exceptions.ElementClickInterceptedException'>
[WARNING]	Unfamiliar pattern for:	Modine Manufacturing Company	(https://careers.modine.com/search/?createNewAlert=false&q=&optionsFacetsDD_facility=&optionsFacetsDD_customfield2=)	Perhaps there are typos in xpaths.csv?
[WARNING]	Exited prematurely on page 1 of:	Milsco Manufacturing	(https://www.paycomonline.net/v4/ats/web.php/jobs?clientkey=F604A43320BE45D4B1247615C027580E).	This probably means the	SLEEP variable was set too low.	<class 'selenium.common.exceptions.ElementClickInterceptedException'>
[MESSAGE]	Scraped 1 pages of:	MetalTek International Inc	(https://www.paycomonline.net/v4/ats/web.php/jobs?clientkey=BF6FE336601280C437608355A9DD0357&jpt=).	<class 'selenium.common.exceptions.NoSuchElementException'>
[MESSAGE]	Scraped 1 pages of:	Metal-Era Inc	(https://workforcenow.adp.com/mascsr/default/mdf/recruitment/recruitment.html?cid=82d4484b-64ef-4ec3-9b94-b94fb62d023e&ccId=19000101_000001&lang=en_US&selectedMenuKey=CareerCenter).	<class 'selenium.common.exceptions.ElementNotInteractableException'>
[MESSAGE]	Scraped 1 pages of:	Maysteel Industries	(https://us241.dayforcehcm.com/CandidatePortal/en-US/maysteel?l=1).	<class 'selenium.common.exceptions.NoSuchElementException'>
[MESSAGE]	Scraped 1 pages of:	Matrix Packaging Machinery	(https://recruiting.ultipro.com/PRO1027PROMA/JobBoard/4f2e6cdb-74ae-4dd0-a40e-ad85f30f189c/?q=&o=postedDateDesc&w=&wc=&we=&wpst=).	<class 'selenium.common.exceptions.ElementNotInteractableException'>
[MESSAGE]	Scraped 2 pages of:	Systems	(https://chamberlain.wd1.myworkdayjobs.com/Systems_LLC).	<class 'selenium.common.exceptions.NoSuchElementException'>
[MESSAGE]	Scraped 2 pages of:	Poweramp	(https://chamberlain.wd1.myworkdayjobs.com/Systems_LLC).	<class 'selenium.common.exceptions.NoSuchElementException'>
[MESSAGE]	Scraped 1 pages of:	LDV Inc	(https://recruiting.paylocity.com/Recruiting/Jobs/All/70a9e899-ec4e-471d-b7ec-a43505f82a13/LDV-Inc).	<class 'selenium.common.exceptions.InvalidArgumentException'>
[MESSAGE]	Scraped 1 pages of:	Kickhaefer Manufacturing (KMC)	(https://www.kmc-mfg.com/careers/jobs/).	<class 'selenium.common.exceptions.InvalidArgumentException'>
[MESSAGE]	Scraped 1 pages of:	Jorgensen Conveyors	(https://www.jorgensenconveyors.com/company/careers/).	<class 'selenium.common.exceptions.InvalidArgumentException'>
[MESSAGE]	Scraped 1 pages of:	Curt G Joa	(https://us241.dayforcehcm.com/CandidatePortal/en-US/joa).	<class 'selenium.common.exceptions.NoSuchElementException'>
[WARNING]	Unfamiliar pattern for:	R&B Grinding	(https://jecompanies.isolvedhire.com/jobs/)	Perhaps there are typos in xpaths.csv?
[WARNING]	Unfamiliar pattern for:	In-Place Machining	(https://www.inplace.com/about-us-portable-machining-services/careers/)	Perhaps there are typos in xpaths.csv?
[WARNING]	Unfamiliar pattern for:	IEA - Engendren's	(https://www.ieacooling.com/careers/)	Perhaps there are typos in xpaths.csv?
[MESSAGE]	Scraped 1 pages of:	HyPro	(https://workforcenow.adp.com/mascsr/default/mdf/recruitment/recruitment.html?cid=5b628e21-8fe6-4b7e-8d40-cd4f96a1084e&ccld=19000101_000001&type=MP&lang=en_US).	<class 'selenium.common.exceptions.ElementNotInteractableException'>
[WARNING]	Unfamiliar pattern for:	HTT, Inc.	(https://www.htt-inc.com/careers/)	Perhaps there are typos in xpaths.csv?
[MESSAGE]	Scraped 1 pages of:	Helwig Carbon Products	(https://recruiting.paylocity.com/Recruiting/Jobs/All/72fecf73-8824-495e-bd63-b0b1f0c0a806/Helwig-Carbon-Products-Inc).	<class 'selenium.common.exceptions.InvalidArgumentException'>
[MESSAGE]	Scraped 1 pages of:	Balax	(https://recruiting.paylocity.com/recruiting/jobs/All/233a647f-2d43-482d-a189-29407cb9055a/GWS-Tool-LLC?location=All%20Locations&department=All%20Departments).	<class 'selenium.common.exceptions.InvalidArgumentException'>
[MESSAGE]	Scraped 1 pages of:	GWS - Carbide Tools Mfg	(https://recruiting.paylocity.com/recruiting/jobs/All/233a647f-2d43-482d-a189-29407cb9055a/GWS-Tool-LLC?location=All%20Locations&department=All%20Departments).	<class 'selenium.common.exceptions.InvalidArgumentException'>
[MESSAGE]	Scraped 1 pages of:	Accurate Specialties	(https://workforcenow.adp.com/mascsr/default/mdf/recruitment/recruitment.html?cid=7e04ed61-e902-48f2-8473-fcd6c45e1e70&ccId=19000101_000001&type=MP&lang=en_US).	<class 'selenium.common.exceptions.NoSuchElementException'>
[MESSAGE]	Scraped 1 pages of:	Federal Manufacturing	(https://recruiting.ultipro.com/PRO1027PROMA/JobBoard/4f2e6cdb-74ae-4dd0-a40e-ad85f30f189c/?q=&o=postedDateDesc&w=&wc=&we=&wpst=).	<class 'selenium.common.exceptions.ElementNotInteractableException'>
[MESSAGE]	Scraped 1 pages of:	Engineering Specialists	(https://www.engspec.com/open-positions/).	<class 'selenium.common.exceptions.InvalidArgumentException'>
[MESSAGE]	Scraped 1 pages of:	Lakeside Manufacturing	(https://www.elakeside.com/job-listings/).	<class 'selenium.common.exceptions.InvalidArgumentException'>
[WARNING]	Unfamiliar pattern for:	Delta Hawk Engines	(https://www.deltahawk.com/careers/)	Perhaps there are typos in xpaths.csv?
[MESSAGE]	Scraped 1 pages of:	Delta Defense LLC	(https://recruiting2.ultipro.com/DEL1019DDLL/JobBoard/5a38633d-9fd5-48ee-9f8f-539de7dac65f/?q=&o=postedDateDesc&w=&wc=&we=&wpst=).	<class 'selenium.common.exceptions.ElementNotInteractableException'>
[MESSAGE]	Scraped 2 pages of:	Charter Wire	(https://chartermfg.wd5.myworkdayjobs.com/Charter_Careers).	<class 'selenium.common.exceptions.NoSuchElementException'>
[MESSAGE]	Scraped 2 pages of:	Charter Steel	(https://chartermfg.wd5.myworkdayjobs.com/Charter_Careers).	<class 'selenium.common.exceptions.NoSuchElementException'>
[MESSAGE]	Scraped 2 pages of:	Charter Manufacturing Company Inc	(https://chartermfg.wd5.myworkdayjobs.com/Charter_Careers).	<class 'selenium.common.exceptions.NoSuchElementException'>
[MESSAGE]	Scraped 1 pages of:	Weasler Engineering	(https://recruiting.paylocity.com/recruiting/jobs/All/9f376879-dff6-49df-ad68-b3bac754dd43/Weasler-Engineering-Inc).	<class 'selenium.common.exceptions.InvalidArgumentException'>
[MESSAGE]	Scraped 1 pages of:	CentroMotion	(https://recruiting.paylocity.com/Recruiting/Jobs/All/a1b86721-6e80-4513-b785-2520e3faf048).	<class 'selenium.common.exceptions.InvalidArgumentException'>
[WARNING]	Exited prematurely on page 1 of:	Carlisle Interconnect Technologies	(https://recruiting.adp.com/srccar/public/RTI.home?_fromPublish=true&c=1218401&d=ExternalCareerSite-CIT#/).	This probably means the	SLEEP variable was set too low.	<class 'selenium.common.exceptions.ElementClickInterceptedException'>
[WARNING]	Exited prematurely on page 1 of:	Brady Corporation	(https://recruiting.adp.com/srccar/public/RTI.home?c=2175507&d=ExternalCareerSite).	This probably means the	SLEEP variable was set too low.	<class 'selenium.common.exceptions.ElementClickInterceptedException'>
[WARNING]	Unfamiliar pattern for:	Bradley Corporation	(https://secure4.saashr.com/ta/6139720.careers?CareersSearch)	Perhaps there are typos in xpaths.csv?
[MESSAGE]	Scraped 1 pages of:	Associated Spring	(https://recruiting.ultipro.com/BAR1005BGI/JobBoard/ff46b34e-c0ce-4e3c-adbb-8bf890b80d89/?q=&o=postedDateDesc&w=&wc=&we=&wpst=).	<class 'selenium.common.exceptions.ElementNotInteractableException'>
[MESSAGE]	Scraped 32 pages of:	ATI - Allegheny Technology	(https://recruiting.adp.com/srccar/public/RTI.home?d=ATImaterials&c=1115641).	<class 'AssertionError'>
[MESSAGE]	Scraped 1 pages of:	Anderson Process	(https://workforcenow.adp.com/mascsr/default/mdf/recruitment/recruitment.html?cid=14b3d954-c397-406e-8a5f-2d5dfa90bdd5&ccId=19000101_000001&lang=en_US&source=CC4&selectedMenuKey=CareerCenter).	<class 'selenium.common.exceptions.ElementNotInteractableException'>
[WARNING]	Unfamiliar pattern for:	American State Equipment	(https://www.amstate.com/careers/)	Perhaps there are typos in xpaths.csv?
[MESSAGE]	Scraped 1 pages of:	Ampco Pumps Company	(https://ampcopumps.bamboohr.com/careers).	<class 'selenium.common.exceptions.InvalidArgumentException'>
[MESSAGE]	Scraped 1 pages of:	Alter Trading (Miller Compressing)	(https://workforcenow.adp.com/mascsr/default/mdf/recruitment/recruitment.html?client=Altercorp&ccId=19000101_000001&cid=6d3d9132-a65e-46f2-a8d3-fc6f6ba41e4d&lang=en_US&source=CC2&selectedMenuKey=CurrentOpenings).	<class 'selenium.common.exceptions.NoSuchElementException'>
[MESSAGE]	Scraped 1 pages of:	Air Logic Power Systems LLC	(https://recruitingbypaycor.com/career/CareerHome.action?clientId=8a78826752446f9b0152467239890040).	<class 'selenium.common.exceptions.InvalidArgumentException'>
[WARNING]	Could not scrape	Air Logic Power Systems LLC	(https://recruitingbypaycor.com/career/CareerHome.action?clientId=8a78826752446f9b0152467239890040)	due to listing_xpath being NA
[WARNING]	Unfamiliar pattern for:	ACS Group	(https://www.acscorporate.com/#careers)	Perhaps there are typos in xpaths.csv?
[MESSAGE]	Scraped 1 pages of:	Ace Precision Machining Corp.	(https://www.paycomonline.net/v4/ats/web.php/jobs?clientkey=C6BDEA3E5FFD28A2A877C3F620B5A9A5).	<class 'selenium.common.exceptions.NoSuchElementException'>
[MESSAGE]	Scraped 1 pages of:	ATACO Steel Products	(https://workforcenow.adp.com/mascsr/default/mdf/recruitment/recruitment.html?cid=9c3828e4-738e-405e-bb99-32dc83c5d2dc&ccId=19000101_000001&lang=en_US).	<class 'selenium.common.exceptions.ElementNotInteractableException'>
[MESSAGE]	Scraped 1 pages of:	PFERD North America	(https://workforcenow.adp.com/mascsr/default/mdf/recruitment/recruitment.html?cid=8c4b6958-bedc-49f7-b965-1c715c5aad92&ccId=19000101_000001&lang=en_US).	<class 'selenium.common.exceptions.ElementNotInteractableException'>
[MESSAGE]	Scraped 1 pages of:	Precision Gears	(https://workforcenow.adp.com/mascsr/default/mdf/recruitment/recruitment.html?cid=887f5b52-abcd-4731-9ee0-ced532545e98&ccId=9200091237306_2&lang=en_US).	<class 'selenium.common.exceptions.NoSuchElementException'>
[MESSAGE]	Scraped 1 pages of:	Pieper Automation	(https://workforcenow.adp.com/mascsr/default/mdf/recruitment/recruitment.html?ccId=9200093324767_2&cid=0ed926f4-3d02-42b6-9264-4a7812a3eb2e&lang=en_US&type=JS).	<class 'selenium.common.exceptions.NoSuchElementException'>
[WARNING]	Unfamiliar pattern for:	WISCONSIN STEEL & TUBE	(https://wisteeltube.com/careers)	Perhaps there are typos in xpaths.csv?
[MESSAGE]	Scraped 1 pages of:	Wilo USA	(https://recruiting.paylocity.com/recruiting/jobs/All/525c07fe-7ab3-43c9-bb74-5b415e360f87/Wilo-EMU-USA-LLC).	<class 'selenium.common.exceptions.InvalidArgumentException'>
[MESSAGE]	Scraped 1 pages of:	Weil Pump	(https://recruiting.paylocity.com/recruiting/jobs/All/525c07fe-7ab3-43c9-bb74-5b415e360f87/Wilo-EMU-USA-LLC).	<class 'selenium.common.exceptions.InvalidArgumentException'>
[WARNING]	Unfamiliar pattern for:	Western Products	(https://www.douglasdynamics.com/careers/open-positions/western/)	Perhaps there are typos in xpaths.csv?
[WARNING]	Exited prematurely on page 1 of:	Wausau Equipment	(https://recruiting.adp.com/srccar/public/RTI.home?c=1054041&d=WausauCareerCenter).	This probably means the	SLEEP variable was set too low.	<class 'selenium.common.exceptions.ElementClickInterceptedException'>
[MESSAGE]	Scraped 1 pages of:	R&B Wagner Companies	(https://wagnercompanies.com/about-us/careers).	<class 'selenium.common.exceptions.InvalidArgumentException'>
[MESSAGE]	Scraped 1 pages of:	Vulcan GMS	(https://vulcangms.com/careers-vulcan/).	<class 'selenium.common.exceptions.InvalidArgumentException'>
[WARNING]	Unfamiliar pattern for:	Vorteq Coil Finishers	(https://vorteqcoil.isolvedhire.com/jobs/)	Perhaps there are typos in xpaths.csv?
[MESSAGE]	Scraped 1 pages of:	Vollrath	(https://recruiting2.ultipro.com/VOL1011VOLL/JobBoard/e142c41a-f095-494d-bc42-b7d3da36be37/?q=&o=postedDateDesc).	<class 'selenium.common.exceptions.ElementNotInteractableException'>
[MESSAGE]	Scraped 1 pages of:	Messer Cutting Systems Inc	(https://workforcenow.adp.com/mascsr/default/mdf/recruitment/recruitment.html?cid=fa0cc380-3e59-4311-be8d-1ac11eb8839b&ccId=19000101_000001&type=JS&lang=en_US).	<class 'selenium.common.exceptions.NoSuchElementException'>
[MESSAGE]	Scraped 1 pages of:	American Friction Welding Inc	(https://recruiting.paylocity.com/recruiting/jobs/All/85e0660c-3513-4ae9-b171-db21446b9f5e/American-Friction-Welding-Inc).	<class 'selenium.common.exceptions.InvalidArgumentException'>
[WARNING]	Unfamiliar pattern for:	Styberg Engineering	(https://styberg.com/cnc-machining-jobs/)	Perhaps there are typos in xpaths.csv?
[MESSAGE]	Scraped 1 pages of:	Server Products	(https://workforcenow.adp.com/mascsr/default/mdf/recruitment/recruitment.html?cid=d49ee1f8-35cb-4a08-8f03-a32b1c21bfcc&ccId=19000101_000001).	<class 'selenium.common.exceptions.NoSuchElementException'>
[MESSAGE]	Scraped 1 pages of:	Regal Ware, Inc.	(https://recruiting2.ultipro.com/REG1005REWA/JobBoard/836eae01-8538-4cfa-8d47-a553f94013b0/?q=&o=postedDateDesc&w=&wc=&we=&wpst=).	<class 'selenium.common.exceptions.ElementNotInteractableException'>
[WARNING]	Exited prematurely on page 1 of:	Wildeck	(https://recruiting.adp.com/srccar/public/RTI.home?c=2176307&d=ExternalCareerSite).	This probably means the	SLEEP variable was set too low.	<class 'selenium.common.exceptions.ElementClickInterceptedException'>
[WARNING]	Exited prematurely on page 1 of:	Vector Technologies	(https://recruiting.adp.com/srccar/public/RTI.home?c=2176307&d=ExternalCareerSite).	This probably means the	SLEEP variable was set too low.	<class 'selenium.common.exceptions.ElementClickInterceptedException'>
[WARNING]	Exited prematurely on page 1 of:	Super Products	(https://recruiting.adp.com/srccar/public/RTI.home?c=1054041&d=SuperProductsCareerCenter).	This probably means the	SLEEP variable was set too low.	<class 'selenium.common.exceptions.ElementClickInterceptedException'>
[MESSAGE]	Scraped 1 pages of:	RCS Innovations	(https://recruiting.paylocity.com/recruiting/jobs/All/6960a061-698b-4392-b639-44955e04ef22/RCS-Systems-Inc).	<class 'selenium.common.exceptions.InvalidArgumentException'>
[MESSAGE]	Scraped 1 pages of:	QComp Technologies	(https://workforcenow.adp.com/mascsr/default/mdf/recruitment/recruitment.html?cid=16e93aa5-b844-463e-9042-cae30d7376ce&ccId=9151467863636_3708&lang=en_US&selectedMenuKey=CurrentOpenings).	<class 'selenium.common.exceptions.NoSuchElementException'>
[MESSAGE]	Scraped 1 pages of:	Professional Power Products Inc	(https://www.paycomonline.net/v4/ats/web.php/jobs?clientkey=39DCF574C16448FF09ADD3EF809F9EF2).	<class 'selenium.common.exceptions.NoSuchElementException'>
[WARNING]	Exited prematurely on page 1 of:	Power Test - WI HQ	(https://www.paycomonline.net/v4/ats/web.php/jobs?clientkey=2FE4BCB59B882E18AE6D1FB191915569).	This probably means the	SLEEP variable was set too low.	<class 'selenium.common.exceptions.ElementClickInterceptedException'>
[MESSAGE]	Scraped 3 pages of:	Pace Industries	(https://pace.wd1.myworkdayjobs.com/Pace).	<class 'selenium.common.exceptions.NoSuchElementException'>
[WARNING]	Unfamiliar pattern for:	Northern Gear	(https://northerngear.isolvedhire.com/jobs/)	Perhaps there are typos in xpaths.csv?
[MESSAGE]	Scraped 1 pages of:	MPE Inc	(https://workforcenow.adp.com/mascsr/default/mdf/recruitment/recruitment.html?cid=8750f440-f62b-4070-a623-ac86d70adbc9&ccId=19000101_000001&lang=en_US&hsCtaTracking=c5c24d4f-4bd7-46f8-9ad8-a42d99abda15%7C788d3893-01ac-4416-b160-54d76d3831bb).	<class 'selenium.common.exceptions.NoSuchElementException'>
[MESSAGE]	Scraped 1 pages of:	Molded Dimensions	(https://moldeddimensions.bamboohr.com/careers).	<class 'selenium.common.exceptions.InvalidArgumentException'>
[MESSAGE]	Scraped 1 pages of:	MicroPrecision	(https://recruiting.paylocity.com/recruiting/jobs/All/559bd24e-f7b0-431a-9e01-4d415bf2500b/MicroPrecision).	<class 'selenium.common.exceptions.InvalidArgumentException'>
[MESSAGE]	Scraped 1 pages of:	Motion & Control Enterprises - Milwaukee	(https://mceautomation.applicantpro.com/jobs/).	<class 'selenium.common.exceptions.InvalidArgumentException'>
[MESSAGE]	Scraped 1 pages of:	Machining Concepts	(https://recruiting.paylocity.com/Recruiting/Jobs/All/cc255054-8bfe-4f20-b2d5-685a219f8028).	<class 'selenium.common.exceptions.InvalidArgumentException'>
[MESSAGE]	Scraped 1 pages of:	Kapco Metal Stamping	(https://recruiting.ultipro.com/KAP1002KAPC/JobBoard/1e739e24-c237-44f3-9f7a-310b0cec4162/?q=&o=postedDateDesc).	<class 'selenium.common.exceptions.ElementNotInteractableException'>
[WARNING]	Unfamiliar pattern for:	A. O. Smith Corporation	(https://jobs.aosmith.com/search/?searchby=location&createNewAlert=false&q=&locationsearch=&geolocation=)	Perhaps there are typos in xpaths.csv?
[WARNING]	Unfamiliar pattern for:	Helgesen	(https://helgesen.com/career-opportunities/)	Perhaps there are typos in xpaths.csv?
[MESSAGE]	Scraped 1 pages of:	Hayes Performance Systems	(https://recruitingbypaycor.com/career/CareerHome.action?clientId=8a7883d0838c33b10183ae69befc0b0e).	<class 'selenium.common.exceptions.InvalidArgumentException'>
[WARNING]	Could not scrape	Hayes Performance Systems	(https://recruitingbypaycor.com/career/CareerHome.action?clientId=8a7883d0838c33b10183ae69befc0b0e)	due to listing_xpath being NA
[MESSAGE]	Scraped 1 pages of:	GS Global Resources	(https://recruiting.paylocity.com/recruiting/jobs/All/f2bec4af-ed98-49b9-b30b-205b87a12205/GS-Global-Resources-Inc).	<class 'selenium.common.exceptions.InvalidArgumentException'>
[WARNING]	Exited prematurely on page 1 of:	Grede Holdings LLC	(https://us241.dayforcehcm.com/CandidatePortal/en-US/grede).	This probably means the	SLEEP variable was set too low.	<class 'selenium.common.exceptions.ElementClickInterceptedException'>
[MESSAGE]	Scraped 1 pages of:	Glenroy	(https://recruiting2.ultipro.com/GLE1006GROY/JobBoard/51540425-f667-4a29-8dea-755c9d41b337/?q=&o=postedDateDesc).	<class 'selenium.common.exceptions.ElementNotInteractableException'>
[MESSAGE]	Scraped 1 pages of:	Capital Equipment & Handling	(https://www.paycomonline.net/v4/ats/web.php/jobs?clientkey=B38E004F17E260CC9A2761B7F6E6221F).	<class 'selenium.common.exceptions.NoSuchElementException'>
[MESSAGE]	Scraped 1 pages of:	Dynatect Manufacturing - WI	(https://recruiting.ultipro.com/DYN1003DYNAM/JobBoard/cd3b1cb6-80b2-4af7-8e53-91eb65003b45/?q=&o=postedDateDesc&w=&wc=&we=&wpst=).	<class 'selenium.common.exceptions.ElementNotInteractableException'>
[MESSAGE]	Scraped 1 pages of:	Dixon Sanitary	(https://recruiting.ultipro.com/dvc1000/JobBoard/0242ab93-599e-ad02-de18-4ee7b0eb85e2/?q=&o=postedDateDesc).	<class 'selenium.common.exceptions.ElementNotInteractableException'>
[MESSAGE]	Scraped 1 pages of:	D&H Industries Inc	(https://recruiting.paylocity.com/recruiting/jobs/All/95ff24c1-6f76-47af-b559-bd8a06c6663d/Trace-A-Matic-Corporation).	<class 'selenium.common.exceptions.InvalidArgumentException'>
[MESSAGE]	Scraped 1 pages of:	Cleaver-Brooks Inc	(https://recruiting.ultipro.com/CLE1005/JobBoard/cb250f0d-7f5e-4583-7b1f-d74442b2b8b8/?q=&o=postedDateDesc&w=&wc=&we=&wpst=).	<class 'selenium.common.exceptions.ElementNotInteractableException'>
[MESSAGE]	Scraped 1 pages of:	Cutting Edge Fabrication	(https://recruiting.paylocity.com/Recruiting/Jobs/All/47670d83-4873-47ad-8b97-93bb7605205f).	<class 'selenium.common.exceptions.InvalidArgumentException'>
[MESSAGE]	Scraped 15 pages of:	Sonoco Metal Packaging	(https://sonoco.wd1.myworkdayjobs.com/en-US/CorporateCareers).	<class 'selenium.common.exceptions.NoSuchElementException'>
[MESSAGE]	Scraped 1 pages of:	HUSCO International Inc.	(https://workforcenow.adp.com/mascsr/default/mdf/recruitment/recruitment.html?cid=562ad1b1-8950-4d30-831c-5e0d165d3d28&ccId=19000101_000001&source=CC2&lang=en_US&selectedMenuKey=CurrentOpenings).	<class 'selenium.common.exceptions.NoSuchElementException'>
[MESSAGE]	Scraped 1 pages of:	Broan-NuTone LLC	(https://recruiting.ultipro.com/BRO1016BNT/JobBoard/ecb2d868-a88b-45fd-aef5-d293d62e5950/?q=&o=postedDateDesc).	<class 'selenium.common.exceptions.ElementNotInteractableException'>
[WARNING]	Unfamiliar pattern for:	Blast Cleaning Technologies	(https://bctus.isolvedhire.com/jobs/)	Perhaps there are typos in xpaths.csv?
[WARNING]	Unfamiliar pattern for:	Arandell	(https://arandell.com/careers/)	Perhaps there are typos in xpaths.csv?
[MESSAGE]	Scraped 1 pages of:	Advanced Coatings	(https://recruiting.ultipro.com/KAP1002KAPC/JobBoard/1b81eeee-ad6f-4990-8100-a7c7e62c5a72/?q=&o=postedDateDesc).	<class 'selenium.common.exceptions.ElementNotInteractableException'>
[WARNING]	Exited prematurely on page 1 of:	American Bin & Conveyor LLC	(https://www.paycomonline.net/v4/ats/web.php/jobs?clientkey=8F7915254CA34CC642D47B9984B7B8A9).	This probably means the	SLEEP variable was set too low.	<class 'selenium.common.exceptions.ElementClickInterceptedException'>
[MESSAGE]	Scraped 1 pages of:	Akridge	(https://workforcenow.adp.com/mascsr/default/mdf/recruitment/recruitment.html?cid=be43e903-a90b-415c-b3df-e272bd862a5c&ccId=19000101_000001&lang=en_US).	<class 'selenium.common.exceptions.NoSuchElementException'>
[MESSAGE]	Scraped 1 pages of:	Alliance Residential DC	(https://recruiting2.ultipro.com/ALL1030ARLLC/JobBoard/0f77d25b-50b8-495d-84cb-21e450af04b6/?q=&o=postedDateDesc&w=&wc=&we=&wpst=).	<class 'selenium.common.exceptions.ElementNotInteractableException'>
[MESSAGE]	Scraped 1 pages of:	American Real Estate Partners (AREP)	(https://www2.appone.com/Search/Search.aspx?ServerVar=americanrealestatepartners.appone.com).	<class 'selenium.common.exceptions.InvalidArgumentException'>
[MESSAGE]	Scraped 1 pages of:	Anning-Johnson Company (sub contractor)	(https://recruiting2.ultipro.com/ANS1004ANSI/JobBoard/32825356-937f-4c9a-9f67-3952e2757966/?q=&o=postedDateDesc&w=&wc=&we=&wpst=).	<class 'selenium.common.exceptions.ElementNotInteractableException'>
[MESSAGE]	Scraped 1 pages of:	Bainbridge Companies - DC	(https://recruiting.paylocity.com/recruiting/jobs/All/e412467e-857d-4baa-9585-72730835ae4a/The-Bainbridge-Companies).	<class 'selenium.common.exceptions.InvalidArgumentException'>
[WARNING]	Unfamiliar pattern for:	Baker Concrete	(https://bcecareers.com/bakerconstruction/search/?searchby=location&createNewAlert=false&q=&locationsearch=&geolocation=&optionsFacetsDD_title=)	Perhaps there are typos in xpaths.csv?
[WARNING]	Unfamiliar pattern for:	Bartley Corporation - Concrete	(https://bartleycorp.com/about/employment-opportunities/)	Perhaps there are typos in xpaths.csv?
[MESSAGE]	Scraped 8 pages of:	Bell Partners Inc	(https://bellpartnersinc.wd5.myworkdayjobs.com/Careers).	<class 'selenium.common.exceptions.NoSuchElementException'>
[MESSAGE]	Scraped 1 pages of:	Bonaventure Realty Group	(https://workforcenow.adp.com/mascsr/default/mdf/recruitment/recruitment.html?cid=8fd158ba-f80a-4717-a564-8ffa2525706f&ccId=19000101_000001&lang=en_US).	<class 'selenium.common.exceptions.NoSuchElementException'>
[MESSAGE]	Scraped 1 pages of:	Corporate Office Properties Trust (COPT)	(https://recruiting.ultipro.com/COR1012COP/JobBoard/36e286e9-3982-4577-abc5-a64834ea7aa1/?q=&o=postedDateDesc&w=&wc=&we=&wpst=).	<class 'selenium.common.exceptions.ElementNotInteractableException'>
[MESSAGE]	Scraped 1 pages of:	Kinsley Construction - DC	(https://kinsley.bamboohr.com/careers).	<class 'selenium.common.exceptions.InvalidArgumentException'>
[MESSAGE]	Scraped 98 pages of:	Leidos - DC	(https://leidos.wd5.myworkdayjobs.com/en-US/External?redirect=/External/job/St-Thomas-US-Virgin-Islands/Field-Service-Technician-I_R-00139986/apply?bid=0&tid=x_60e00835-4171-4716-a36f-0b2bb02dcce3&source=Career+Marketing+Site).	<class 'selenium.common.exceptions.NoSuchElementException'>
[MESSAGE]	Scraped 13 pages of:	Colliers International - DC	(https://colliers.wd3.myworkdayjobs.com/Colliers-External-Career-Site).	<class 'selenium.common.exceptions.NoSuchElementException'>
[MESSAGE]	Scraped 1 pages of:	Corenic Construction	(https://corenicconstructiongroup.applytojob.com/apply/jobs/).	<class 'selenium.common.exceptions.InvalidArgumentException'>
[MESSAGE]	Scraped 1 pages of:	Critical Project Services	(https://otod111.rec.pro.ukg.net/CRI1500CRPS/JobBoard/1f4f343e-1292-4315-943d-8a1d6d0c9a7f/?q=&o=postedDateDesc).	<class 'selenium.common.exceptions.InvalidArgumentException'>
[MESSAGE]	Scraped 4 pages of:	Cumming Corp - DC	(https://cumminggroup.wd1.myworkdayjobs.com/CGC).	<class 'selenium.common.exceptions.NoSuchElementException'>
[MESSAGE]	Scraped 1 pages of:	Dweck Properties	(https://recruiting.paylocity.com/recruiting/jobs/All/1822288d-f0df-4dff-bebf-a1fda2a17cb6/Dweck-Properties-LTD).	<class 'selenium.common.exceptions.InvalidArgumentException'>
[MESSAGE]	Scraped 1 pages of:	EDENS	(https://recruiting.ultipro.com/ede1001/JobBoard/0f49cdc4-92f1-4fcc-cb9a-ba5fb6aaff64/?q=&o=postedDateDesc).	<class 'selenium.common.exceptions.ElementNotInteractableException'>
[WARNING]	Unfamiliar pattern for:	Edifice Solutions	(https://edificesolutions.isolvedhire.com/jobs/)	Perhaps there are typos in xpaths.csv?
[MESSAGE]	Scraped 1 pages of:	Elme Communities (WashREIT)	(https://recruiting.ultipro.com/WAS1005/JobBoard/9c462803-7f3b-9468-214c-5b725dbb7432/?q=&o=postedDateDesc).	<class 'selenium.common.exceptions.ElementNotInteractableException'>
[MESSAGE]	Scraped 4 pages of:	Gables Residential	(https://gables.wd5.myworkdayjobs.com/Gables_Careers).	<class 'selenium.common.exceptions.NoSuchElementException'>
[MESSAGE]	Scraped 14 pages of:	Silman	(https://gi.wd1.myworkdayjobs.com/en-US/Global_Infrastructure?hiringCompany=605c022e67d21001fe12fff3e49c0000).	<class 'selenium.common.exceptions.NoSuchElementException'>
[MESSAGE]	Scraped 1 pages of:	HBW Construction	(https://hbwconstruction.applicantpro.com/jobs/).	<class 'selenium.common.exceptions.InvalidArgumentException'>
[MESSAGE]	Scraped 1 pages of:	Host Hotels & Resorts	(https://hosthotels.wd5.myworkdayjobs.com/HostHotels).	<class 'selenium.common.exceptions.NoSuchElementException'>
[MESSAGE]	Scraped 100 pages of:	JLL - DC	(https://jll.wd1.myworkdayjobs.com/jllcareers).	<class 'selenium.common.exceptions.NoSuchElementException'>
[WARNING]	Unfamiliar pattern for:	WinnCompanies	(https://jobs.lever.co/winnco)	Perhaps there are typos in xpaths.csv?
[MESSAGE]	Scraped 1 pages of:	Kimco Realty	(https://kimcorealty.wd1.myworkdayjobs.com/KimcoCareers).	<class 'selenium.common.exceptions.NoSuchElementException'>
[WARNING]	Exited prematurely on page 1 of:	L2 Construction Management	(https://www.paycomonline.net/v4/ats/web.php/jobs?clientkey=ED05E0572A72FE8B004420C52EFDF3AA).	This probably means the	SLEEP variable was set too low.	<class 'selenium.common.exceptions.ElementClickInterceptedException'>
[MESSAGE]	Scraped 2 pages of:	Lendlease - DC	(https://lendlease.wd3.myworkdayjobs.com/lendleasecareers).	<class 'selenium.common.exceptions.NoSuchElementException'>
[MESSAGE]	Scraped 1 pages of:	Matos Builders LLC	(https://matosbuilders.bamboohr.com/careers).	<class 'selenium.common.exceptions.InvalidArgumentException'>
[MESSAGE]	Scraped 5 pages of:	Mill Creek Residential Trust - DC	(https://mcrtrust.wd1.myworkdayjobs.com/Mill_Creek_Careers).	<class 'selenium.common.exceptions.NoSuchElementException'>
[MESSAGE]	Scraped 1 pages of:	Park Hotels & Resorts	(https://parkhotelsandresorts.wd1.myworkdayjobs.com/Careers).	<class 'selenium.common.exceptions.NoSuchElementException'>
[WARNING]	Unfamiliar pattern for:	M.C. Dean - DC	(https://phg.tbe.taleo.net/phg04/ats/careers/v2/searchResults?org=MCDEAN&cws=62)	Perhaps there are typos in xpaths.csv?
[WARNING]	Unfamiliar pattern for:	Wagman Construction	(https://phh.tbe.taleo.net/phh03/ats/careers/v2/searchResults?org=WAGMAN&cws=37)	Perhaps there are typos in xpaths.csv?
[MESSAGE]	Scraped 1 pages of:	Plano-Coudon	(https://planocoudon.applicantpro.com/jobs/).	<class 'selenium.common.exceptions.InvalidArgumentException'>
[MESSAGE]	Scraped 7 pages of:	QTS Data Centers - DC	(https://qtsdatacenters.wd5.myworkdayjobs.com/qts).	<class 'selenium.common.exceptions.NoSuchElementException'>
[MESSAGE]	Scraped 1 pages of:	Rand Construction - DC	(https://workforcenow.adp.com/mascsr/default/mdf/recruitment/recruitment.html?cid=0beaa32c-bc9a-4c6b-aa22-4d86ce22333e&ccId=19000101_000001&lang=en_US).	<class 'selenium.common.exceptions.NoSuchElementException'>
[FATAL ERROR]	Scraper exited prematurely during:	Southern Management Corporation	(https://recruiting.adp.com/srccar/public/RTI.home?d=External&c=1067941)	due to <class 'urllib3.exceptions.MaxRetryError'>: HTTPConnectionPool(host='localhost', port=63101): Max retries exceeded with url: /session/86b98a3a62e02ca2523e9d91dda68389/url (Caused by NewConnectionError('<urllib3.connection.HTTPConnection object at 0x0000018C6E3A5D90>: Failed to establish a new connection: [WinError 10061] No connection could be made because the target machine actively refused it'))
[MESSAGE]	Scraper ran for 167.49942876666668 minutes
